2025-12-24T18:17:06.5430989+03:00 START tool=dbt scenario=S2 remaining=20
15:17:08  Running with dbt=1.11.2
15:17:09  Installing dbt-labs/dbt_utils
15:17:09  Installed from version 1.3.0
15:17:09  Updated version available: 1.3.3
15:17:09  
15:17:09  Updates available for packages: ['dbt-labs/dbt_utils']                 
Update your versions in packages.yml, then run dbt deps
15:17:12  Running with dbt=1.11.2
15:17:12  Registered adapter: postgres=1.10.0
15:17:13  Found 1 model, 3 seeds, 4 data tests, 579 macros
15:17:13  
15:17:13  Concurrency: 4 threads (target='dev')
15:17:13  
15:17:13  1 of 3 START seed file public.customers ........................................ [RUN]
15:17:13  2 of 3 START seed file public.products ......................................... [RUN]
15:17:13  3 of 3 START seed file public.sales ............................................ [RUN]
15:17:14  2 of 3 OK loaded seed file public.products ..................................... [CREATE 500 in 0.78s]
15:17:14  1 of 3 OK loaded seed file public.customers .................................... [CREATE 2000 in 0.82s]
15:17:34  3 of 3 OK loaded seed file public.sales ........................................ [CREATE 50000 in 21.09s]
15:17:34  
15:17:34  Finished running 3 seeds in 0 hours 0 minutes and 21.22 seconds (21.22s).
15:17:34  
15:17:34  Completed successfully
15:17:34  
15:17:34  Done. PASS=3 WARN=0 ERROR=0 SKIP=0 NO-OP=0 TOTAL=3
15:17:36  Running with dbt=1.11.2
15:17:36  Registered adapter: postgres=1.10.0
15:17:37  Found 1 model, 3 seeds, 4 data tests, 579 macros
15:17:37  
15:17:37  Concurrency: 4 threads (target='dev')
15:17:37  
15:17:37  1 of 1 START sql view model public.monthly_sales ............................... [RUN]
15:17:37  1 of 1 OK created sql view model public.monthly_sales .......................... [CREATE VIEW in 0.08s]
15:17:37  
15:17:37  Finished running 1 view model in 0 hours 0 minutes and 0.21 seconds (0.21s).
15:17:37  
15:17:37  Completed successfully
15:17:37  
15:17:37  Done. PASS=1 WARN=0 ERROR=0 SKIP=0 NO-OP=0 TOTAL=1
15:17:39  Running with dbt=1.11.2
15:17:39  Registered adapter: postgres=1.10.0
15:17:39  Found 1 model, 3 seeds, 4 data tests, 579 macros
15:17:39  
15:17:39  Concurrency: 4 threads (target='dev')
15:17:39  
15:17:40  1 of 1 START test s2_category_sum_equals_total ................................. [RUN]
15:17:40  1 of 1 PASS s2_category_sum_equals_total ....................................... [PASS in 0.09s]
15:17:40  
15:17:40  Finished running 1 test in 0 hours 0 minutes and 0.19 seconds (0.19s).
15:17:40  
15:17:40  Completed successfully
15:17:40  
15:17:40  Done. PASS=1 WARN=0 ERROR=0 SKIP=0 NO-OP=0 TOTAL=1
15:17:43  Running with dbt=1.11.2
15:17:43  Registered adapter: postgres=1.10.0
15:17:43  Found 1 model, 3 seeds, 4 data tests, 579 macros
15:17:43  
15:17:43  Concurrency: 4 threads (target='dev')
15:17:43  
15:17:43  1 of 3 START seed file public.customers ........................................ [RUN]
15:17:43  2 of 3 START seed file public.products ......................................... [RUN]
15:17:43  3 of 3 START seed file public.sales ............................................ [RUN]
15:17:45  2 of 3 OK loaded seed file public.products ..................................... [CREATE 500 in 1.36s]
15:17:45  1 of 3 OK loaded seed file public.customers .................................... [CREATE 2000 in 1.41s]
15:18:05  3 of 3 OK loaded seed file public.sales ........................................ [CREATE 50000 in 21.99s]
15:18:05  
15:18:05  Finished running 3 seeds in 0 hours 0 minutes and 22.12 seconds (22.12s).
15:18:05  
15:18:05  Completed successfully
15:18:05  
15:18:05  Done. PASS=3 WARN=0 ERROR=0 SKIP=0 NO-OP=0 TOTAL=3
15:18:08  Running with dbt=1.11.2
15:18:08  Registered adapter: postgres=1.10.0
15:18:09  Found 1 model, 3 seeds, 4 data tests, 579 macros
15:18:09  
15:18:09  Concurrency: 4 threads (target='dev')
15:18:09  
15:18:09  1 of 1 START sql view model public.monthly_sales ............................... [RUN]
15:18:09  1 of 1 OK created sql view model public.monthly_sales .......................... [CREATE VIEW in 0.06s]
15:18:09  
15:18:09  Finished running 1 view model in 0 hours 0 minutes and 0.21 seconds (0.21s).
15:18:09  
15:18:09  Completed successfully
15:18:09  
15:18:09  Done. PASS=1 WARN=0 ERROR=0 SKIP=0 NO-OP=0 TOTAL=1
15:18:11  Running with dbt=1.11.2
15:18:11  Registered adapter: postgres=1.10.0
15:18:12  Found 1 model, 3 seeds, 4 data tests, 579 macros
15:18:12  
15:18:12  Concurrency: 4 threads (target='dev')
15:18:12  
15:18:12  1 of 1 START test s2_category_sum_equals_total ................................. [RUN]
15:18:12  1 of 1 PASS s2_category_sum_equals_total ....................................... [PASS in 0.09s]
15:18:12  
15:18:12  Finished running 1 test in 0 hours 0 minutes and 0.19 seconds (0.19s).
15:18:12  
15:18:12  Completed successfully
15:18:12  
15:18:12  Done. PASS=1 WARN=0 ERROR=0 SKIP=0 NO-OP=0 TOTAL=1
15:18:15  Running with dbt=1.11.2
15:18:15  Registered adapter: postgres=1.10.0
15:18:15  Found 1 model, 3 seeds, 4 data tests, 579 macros
15:18:15  
15:18:15  Concurrency: 4 threads (target='dev')
15:18:15  
15:18:15  1 of 3 START seed file public.customers ........................................ [RUN]
15:18:15  2 of 3 START seed file public.products ......................................... [RUN]
15:18:15  3 of 3 START seed file public.sales ............................................ [RUN]
15:18:17  2 of 3 OK loaded seed file public.products ..................................... [CREATE 500 in 1.07s]
15:18:17  1 of 3 OK loaded seed file public.customers .................................... [CREATE 2000 in 1.31s]
15:18:37  3 of 3 OK loaded seed file public.sales ........................................ [CREATE 50000 in 21.58s]
15:18:37  
15:18:37  Finished running 3 seeds in 0 hours 0 minutes and 21.70 seconds (21.70s).
15:18:37  
15:18:37  Completed successfully
15:18:37  
15:18:37  Done. PASS=3 WARN=0 ERROR=0 SKIP=0 NO-OP=0 TOTAL=3
15:18:40  Running with dbt=1.11.2
15:18:40  Registered adapter: postgres=1.10.0
15:18:40  Found 1 model, 3 seeds, 4 data tests, 579 macros
15:18:40  
15:18:40  Concurrency: 4 threads (target='dev')
15:18:40  
15:18:40  1 of 1 START sql view model public.monthly_sales ............................... [RUN]
15:18:40  1 of 1 OK created sql view model public.monthly_sales .......................... [CREATE VIEW in 0.06s]
15:18:40  
15:18:40  Finished running 1 view model in 0 hours 0 minutes and 0.16 seconds (0.16s).
15:18:40  
15:18:40  Completed successfully
15:18:40  
15:18:40  Done. PASS=1 WARN=0 ERROR=0 SKIP=0 NO-OP=0 TOTAL=1
15:18:43  Running with dbt=1.11.2
15:18:43  Registered adapter: postgres=1.10.0
15:18:44  Found 1 model, 3 seeds, 4 data tests, 579 macros
15:18:44  
15:18:44  Concurrency: 4 threads (target='dev')
15:18:44  
15:18:44  1 of 1 START test s2_category_sum_equals_total ................................. [RUN]
15:18:44  1 of 1 PASS s2_category_sum_equals_total ....................................... [PASS in 0.07s]
15:18:44  
15:18:44  Finished running 1 test in 0 hours 0 minutes and 0.17 seconds (0.17s).
15:18:44  
15:18:44  Completed successfully
15:18:44  
15:18:44  Done. PASS=1 WARN=0 ERROR=0 SKIP=0 NO-OP=0 TOTAL=1
15:18:47  Running with dbt=1.11.2
15:18:47  Registered adapter: postgres=1.10.0
15:18:47  Found 1 model, 3 seeds, 4 data tests, 579 macros
15:18:47  
15:18:47  Concurrency: 4 threads (target='dev')
15:18:47  
15:18:47  1 of 3 START seed file public.customers ........................................ [RUN]
15:18:47  2 of 3 START seed file public.products ......................................... [RUN]
15:18:47  3 of 3 START seed file public.sales ............................................ [RUN]
15:18:49  2 of 3 OK loaded seed file public.products ..................................... [CREATE 500 in 1.34s]
15:18:49  1 of 3 OK loaded seed file public.customers .................................... [CREATE 2000 in 1.40s]
15:19:09  3 of 3 OK loaded seed file public.sales ........................................ [CREATE 50000 in 22.07s]
15:19:09  
15:19:09  Finished running 3 seeds in 0 hours 0 minutes and 22.21 seconds (22.21s).
15:19:10  
15:19:10  Completed successfully
15:19:10  
15:19:10  Done. PASS=3 WARN=0 ERROR=0 SKIP=0 NO-OP=0 TOTAL=3
15:19:13  Running with dbt=1.11.2
15:19:13  Registered adapter: postgres=1.10.0
15:19:13  Found 1 model, 3 seeds, 4 data tests, 579 macros
15:19:13  
15:19:13  Concurrency: 4 threads (target='dev')
15:19:13  
15:19:13  1 of 1 START sql view model public.monthly_sales ............................... [RUN]
15:19:13  1 of 1 OK created sql view model public.monthly_sales .......................... [CREATE VIEW in 0.08s]
15:19:13  
15:19:13  Finished running 1 view model in 0 hours 0 minutes and 0.19 seconds (0.19s).
15:19:13  
15:19:13  Completed successfully
15:19:13  
15:19:13  Done. PASS=1 WARN=0 ERROR=0 SKIP=0 NO-OP=0 TOTAL=1
15:19:16  Running with dbt=1.11.2
15:19:16  Registered adapter: postgres=1.10.0
15:19:16  Found 1 model, 3 seeds, 4 data tests, 579 macros
15:19:16  
15:19:16  Concurrency: 4 threads (target='dev')
15:19:16  
15:19:17  1 of 1 START test s2_category_sum_equals_total ................................. [RUN]
15:19:17  1 of 1 PASS s2_category_sum_equals_total ....................................... [PASS in 0.08s]
15:19:17  
15:19:17  Finished running 1 test in 0 hours 0 minutes and 0.18 seconds (0.18s).
15:19:17  
15:19:17  Completed successfully
15:19:17  
15:19:17  Done. PASS=1 WARN=0 ERROR=0 SKIP=0 NO-OP=0 TOTAL=1
15:19:20  Running with dbt=1.11.2
15:19:20  Registered adapter: postgres=1.10.0
15:19:20  Found 1 model, 3 seeds, 4 data tests, 579 macros
15:19:20  
15:19:20  Concurrency: 4 threads (target='dev')
15:19:20  
15:19:20  1 of 3 START seed file public.customers ........................................ [RUN]
15:19:20  2 of 3 START seed file public.products ......................................... [RUN]
15:19:20  3 of 3 START seed file public.sales ............................................ [RUN]
15:19:22  2 of 3 OK loaded seed file public.products ..................................... [CREATE 500 in 1.21s]
15:19:22  1 of 3 OK loaded seed file public.customers .................................... [CREATE 2000 in 1.38s]
15:19:41  3 of 3 OK loaded seed file public.sales ........................................ [CREATE 50000 in 21.25s]
15:19:41  
15:19:41  Finished running 3 seeds in 0 hours 0 minutes and 21.38 seconds (21.38s).
15:19:41  
15:19:41  Completed successfully
15:19:41  
15:19:41  Done. PASS=3 WARN=0 ERROR=0 SKIP=0 NO-OP=0 TOTAL=3
15:19:45  Running with dbt=1.11.2
15:19:45  Registered adapter: postgres=1.10.0
15:19:46  Found 1 model, 3 seeds, 4 data tests, 579 macros
15:19:46  
15:19:46  Concurrency: 4 threads (target='dev')
15:19:46  
15:19:46  1 of 1 START sql view model public.monthly_sales ............................... [RUN]
15:19:46  1 of 1 OK created sql view model public.monthly_sales .......................... [CREATE VIEW in 0.06s]
15:19:46  
15:19:46  Finished running 1 view model in 0 hours 0 minutes and 0.16 seconds (0.16s).
15:19:46  
15:19:46  Completed successfully
15:19:46  
15:19:46  Done. PASS=1 WARN=0 ERROR=0 SKIP=0 NO-OP=0 TOTAL=1
15:19:49  Running with dbt=1.11.2
15:19:49  Registered adapter: postgres=1.10.0
15:19:49  Found 1 model, 3 seeds, 4 data tests, 579 macros
15:19:49  
15:19:49  Concurrency: 4 threads (target='dev')
15:19:49  
15:19:49  1 of 1 START test s2_category_sum_equals_total ................................. [RUN]
15:19:49  1 of 1 PASS s2_category_sum_equals_total ....................................... [PASS in 0.07s]
15:19:49  
15:19:49  Finished running 1 test in 0 hours 0 minutes and 0.16 seconds (0.16s).
15:19:49  
15:19:49  Completed successfully
15:19:49  
15:19:49  Done. PASS=1 WARN=0 ERROR=0 SKIP=0 NO-OP=0 TOTAL=1
15:19:56  Running with dbt=1.11.2
15:19:57  Registered adapter: postgres=1.10.0
15:19:57  Found 1 model, 3 seeds, 4 data tests, 579 macros
15:19:57  
15:19:57  Concurrency: 4 threads (target='dev')
15:19:57  
15:19:57  1 of 3 START seed file public.customers ........................................ [RUN]
15:19:57  2 of 3 START seed file public.products ......................................... [RUN]
15:19:57  3 of 3 START seed file public.sales ............................................ [RUN]
15:19:58  1 of 3 OK loaded seed file public.customers .................................... [CREATE 2000 in 1.25s]
15:19:58  2 of 3 OK loaded seed file public.products ..................................... [CREATE 500 in 1.33s]
15:20:18  3 of 3 OK loaded seed file public.sales ........................................ [CREATE 50000 in 21.06s]
15:20:18  
15:20:18  Finished running 3 seeds in 0 hours 0 minutes and 21.18 seconds (21.18s).
15:20:18  
15:20:18  Completed successfully
15:20:18  
15:20:18  Done. PASS=3 WARN=0 ERROR=0 SKIP=0 NO-OP=0 TOTAL=3
15:20:22  Running with dbt=1.11.2
15:20:22  Registered adapter: postgres=1.10.0
15:20:22  Found 1 model, 3 seeds, 4 data tests, 579 macros
15:20:22  
15:20:22  Concurrency: 4 threads (target='dev')
15:20:22  
15:20:22  1 of 1 START sql view model public.monthly_sales ............................... [RUN]
15:20:22  1 of 1 OK created sql view model public.monthly_sales .......................... [CREATE VIEW in 0.06s]
15:20:22  
15:20:22  Finished running 1 view model in 0 hours 0 minutes and 0.17 seconds (0.17s).
15:20:22  
15:20:22  Completed successfully
15:20:22  
15:20:22  Done. PASS=1 WARN=0 ERROR=0 SKIP=0 NO-OP=0 TOTAL=1
15:20:28  Running with dbt=1.11.2
15:20:28  Registered adapter: postgres=1.10.0
15:20:28  Found 1 model, 3 seeds, 4 data tests, 579 macros
15:20:28  
15:20:28  Concurrency: 4 threads (target='dev')
15:20:28  
15:20:28  1 of 1 START test s2_category_sum_equals_total ................................. [RUN]
15:20:28  1 of 1 PASS s2_category_sum_equals_total ....................................... [PASS in 0.08s]
15:20:28  
15:20:28  Finished running 1 test in 0 hours 0 minutes and 0.18 seconds (0.18s).
15:20:28  
15:20:28  Completed successfully
15:20:28  
15:20:28  Done. PASS=1 WARN=0 ERROR=0 SKIP=0 NO-OP=0 TOTAL=1
15:20:32  Running with dbt=1.11.2
15:20:32  Registered adapter: postgres=1.10.0
15:20:33  Found 1 model, 3 seeds, 4 data tests, 579 macros
15:20:33  
15:20:33  Concurrency: 4 threads (target='dev')
15:20:33  
15:20:33  1 of 3 START seed file public.customers ........................................ [RUN]
15:20:33  2 of 3 START seed file public.products ......................................... [RUN]
15:20:33  3 of 3 START seed file public.sales ............................................ [RUN]
15:20:33  2 of 3 OK loaded seed file public.products ..................................... [CREATE 500 in 0.63s]
15:20:34  1 of 3 OK loaded seed file public.customers .................................... [CREATE 2000 in 0.63s]
15:20:54  3 of 3 OK loaded seed file public.sales ........................................ [CREATE 50000 in 20.88s]
15:20:54  
15:20:54  Finished running 3 seeds in 0 hours 0 minutes and 21.03 seconds (21.03s).
15:20:54  
15:20:54  Completed successfully
15:20:54  
15:20:54  Done. PASS=3 WARN=0 ERROR=0 SKIP=0 NO-OP=0 TOTAL=3
15:20:56  Running with dbt=1.11.2
15:20:56  Registered adapter: postgres=1.10.0
15:20:56  Found 1 model, 3 seeds, 4 data tests, 579 macros
15:20:56  
15:20:56  Concurrency: 4 threads (target='dev')
15:20:56  
15:20:56  1 of 1 START sql view model public.monthly_sales ............................... [RUN]
15:20:57  1 of 1 OK created sql view model public.monthly_sales .......................... [CREATE VIEW in 0.06s]
15:20:57  
15:20:57  Finished running 1 view model in 0 hours 0 minutes and 0.18 seconds (0.18s).
15:20:57  
15:20:57  Completed successfully
15:20:57  
15:20:57  Done. PASS=1 WARN=0 ERROR=0 SKIP=0 NO-OP=0 TOTAL=1
15:20:59  Running with dbt=1.11.2
15:20:59  Registered adapter: postgres=1.10.0
15:20:59  Found 1 model, 3 seeds, 4 data tests, 579 macros
15:20:59  
15:20:59  Concurrency: 4 threads (target='dev')
15:20:59  
15:20:59  1 of 1 START test s2_category_sum_equals_total ................................. [RUN]
15:20:59  1 of 1 PASS s2_category_sum_equals_total ....................................... [PASS in 0.08s]
15:20:59  
15:20:59  Finished running 1 test in 0 hours 0 minutes and 0.19 seconds (0.19s).
15:20:59  
15:20:59  Completed successfully
15:20:59  
15:20:59  Done. PASS=1 WARN=0 ERROR=0 SKIP=0 NO-OP=0 TOTAL=1
15:21:02  Running with dbt=1.11.2
15:21:02  Registered adapter: postgres=1.10.0
15:21:02  Found 1 model, 3 seeds, 4 data tests, 579 macros
15:21:02  
15:21:02  Concurrency: 4 threads (target='dev')
15:21:02  
15:21:03  1 of 3 START seed file public.customers ........................................ [RUN]
15:21:03  2 of 3 START seed file public.products ......................................... [RUN]
15:21:03  3 of 3 START seed file public.sales ............................................ [RUN]
15:21:04  2 of 3 OK loaded seed file public.products ..................................... [CREATE 500 in 1.00s]
15:21:04  1 of 3 OK loaded seed file public.customers .................................... [CREATE 2000 in 1.18s]
15:21:41  3 of 3 OK loaded seed file public.sales ........................................ [CREATE 50000 in 38.72s]
15:21:41  
15:21:41  Finished running 3 seeds in 0 hours 0 minutes and 38.86 seconds (38.86s).
15:21:41  
15:21:41  Completed successfully
15:21:41  
15:21:41  Done. PASS=3 WARN=0 ERROR=0 SKIP=0 NO-OP=0 TOTAL=3
15:21:46  Running with dbt=1.11.2
15:21:46  Registered adapter: postgres=1.10.0
15:21:46  Found 1 model, 3 seeds, 4 data tests, 579 macros
15:21:46  
15:21:46  Concurrency: 4 threads (target='dev')
15:21:46  
15:21:46  1 of 1 START sql view model public.monthly_sales ............................... [RUN]
15:21:46  1 of 1 OK created sql view model public.monthly_sales .......................... [CREATE VIEW in 0.06s]
15:21:46  
15:21:46  Finished running 1 view model in 0 hours 0 minutes and 0.19 seconds (0.19s).
15:21:46  
15:21:46  Completed successfully
15:21:46  
15:21:46  Done. PASS=1 WARN=0 ERROR=0 SKIP=0 NO-OP=0 TOTAL=1
15:21:49  Running with dbt=1.11.2
15:21:49  Registered adapter: postgres=1.10.0
15:21:49  Found 1 model, 3 seeds, 4 data tests, 579 macros
15:21:49  
15:21:49  Concurrency: 4 threads (target='dev')
15:21:49  
15:21:49  1 of 1 START test s2_category_sum_equals_total ................................. [RUN]
15:21:49  1 of 1 PASS s2_category_sum_equals_total ....................................... [PASS in 0.07s]
15:21:49  
15:21:49  Finished running 1 test in 0 hours 0 minutes and 0.16 seconds (0.16s).
15:21:49  
15:21:49  Completed successfully
15:21:49  
15:21:49  Done. PASS=1 WARN=0 ERROR=0 SKIP=0 NO-OP=0 TOTAL=1
15:21:52  Running with dbt=1.11.2
15:21:52  Registered adapter: postgres=1.10.0
15:21:53  Found 1 model, 3 seeds, 4 data tests, 579 macros
15:21:53  
15:21:53  Concurrency: 4 threads (target='dev')
15:21:53  
15:21:53  1 of 3 START seed file public.customers ........................................ [RUN]
15:21:53  2 of 3 START seed file public.products ......................................... [RUN]
15:21:53  3 of 3 START seed file public.sales ............................................ [RUN]
15:21:54  2 of 3 OK loaded seed file public.products ..................................... [CREATE 500 in 1.32s]
15:21:54  1 of 3 OK loaded seed file public.customers .................................... [CREATE 2000 in 1.37s]
15:22:13  3 of 3 OK loaded seed file public.sales ........................................ [CREATE 50000 in 20.81s]
15:22:13  
15:22:13  Finished running 3 seeds in 0 hours 0 minutes and 20.92 seconds (20.92s).
15:22:13  
15:22:13  Completed successfully
15:22:13  
15:22:13  Done. PASS=3 WARN=0 ERROR=0 SKIP=0 NO-OP=0 TOTAL=3
15:22:16  Running with dbt=1.11.2
15:22:16  Registered adapter: postgres=1.10.0
15:22:16  Found 1 model, 3 seeds, 4 data tests, 579 macros
15:22:16  
15:22:16  Concurrency: 4 threads (target='dev')
15:22:16  
15:22:16  1 of 1 START sql view model public.monthly_sales ............................... [RUN]
15:22:16  1 of 1 OK created sql view model public.monthly_sales .......................... [CREATE VIEW in 0.08s]
15:22:16  
15:22:16  Finished running 1 view model in 0 hours 0 minutes and 0.21 seconds (0.21s).
15:22:16  
15:22:16  Completed successfully
15:22:16  
15:22:16  Done. PASS=1 WARN=0 ERROR=0 SKIP=0 NO-OP=0 TOTAL=1
15:22:18  Running with dbt=1.11.2
15:22:19  Registered adapter: postgres=1.10.0
15:22:19  Found 1 model, 3 seeds, 4 data tests, 579 macros
15:22:19  
15:22:19  Concurrency: 4 threads (target='dev')
15:22:19  
15:22:19  1 of 1 START test s2_category_sum_equals_total ................................. [RUN]
15:22:19  1 of 1 PASS s2_category_sum_equals_total ....................................... [PASS in 0.08s]
15:22:19  
15:22:19  Finished running 1 test in 0 hours 0 minutes and 0.18 seconds (0.18s).
15:22:19  
15:22:19  Completed successfully
15:22:19  
15:22:19  Done. PASS=1 WARN=0 ERROR=0 SKIP=0 NO-OP=0 TOTAL=1
15:22:22  Running with dbt=1.11.2
15:22:22  Registered adapter: postgres=1.10.0
15:22:22  Found 1 model, 3 seeds, 4 data tests, 579 macros
15:22:22  
15:22:22  Concurrency: 4 threads (target='dev')
15:22:22  
15:22:22  1 of 3 START seed file public.customers ........................................ [RUN]
15:22:22  2 of 3 START seed file public.products ......................................... [RUN]
15:22:22  3 of 3 START seed file public.sales ............................................ [RUN]
15:22:24  2 of 3 OK loaded seed file public.products ..................................... [CREATE 500 in 1.42s]
15:22:24  1 of 3 OK loaded seed file public.customers .................................... [CREATE 2000 in 1.46s]
15:22:43  3 of 3 OK loaded seed file public.sales ........................................ [CREATE 50000 in 20.64s]
15:22:43  
15:22:43  Finished running 3 seeds in 0 hours 0 minutes and 20.78 seconds (20.78s).
15:22:43  
15:22:43  Completed successfully
15:22:43  
15:22:43  Done. PASS=3 WARN=0 ERROR=0 SKIP=0 NO-OP=0 TOTAL=3
15:22:45  Running with dbt=1.11.2
15:22:46  Registered adapter: postgres=1.10.0
15:22:46  Found 1 model, 3 seeds, 4 data tests, 579 macros
15:22:46  
15:22:46  Concurrency: 4 threads (target='dev')
15:22:46  
15:22:46  1 of 1 START sql view model public.monthly_sales ............................... [RUN]
15:22:46  1 of 1 OK created sql view model public.monthly_sales .......................... [CREATE VIEW in 0.06s]
15:22:46  
15:22:46  Finished running 1 view model in 0 hours 0 minutes and 0.19 seconds (0.19s).
15:22:46  
15:22:46  Completed successfully
15:22:46  
15:22:46  Done. PASS=1 WARN=0 ERROR=0 SKIP=0 NO-OP=0 TOTAL=1
15:22:48  Running with dbt=1.11.2
15:22:48  Registered adapter: postgres=1.10.0
15:22:49  Found 1 model, 3 seeds, 4 data tests, 579 macros
15:22:49  
15:22:49  Concurrency: 4 threads (target='dev')
15:22:49  
15:22:49  1 of 1 START test s2_category_sum_equals_total ................................. [RUN]
15:22:49  1 of 1 PASS s2_category_sum_equals_total ....................................... [PASS in 0.07s]
15:22:49  
15:22:49  Finished running 1 test in 0 hours 0 minutes and 0.19 seconds (0.19s).
15:22:49  
15:22:49  Completed successfully
15:22:49  
15:22:49  Done. PASS=1 WARN=0 ERROR=0 SKIP=0 NO-OP=0 TOTAL=1
15:22:51  Running with dbt=1.11.2
15:22:52  Registered adapter: postgres=1.10.0
15:22:52  Found 1 model, 3 seeds, 4 data tests, 579 macros
15:22:52  
15:22:52  Concurrency: 4 threads (target='dev')
15:22:52  
15:22:52  1 of 3 START seed file public.customers ........................................ [RUN]
15:22:52  2 of 3 START seed file public.products ......................................... [RUN]
15:22:52  3 of 3 START seed file public.sales ............................................ [RUN]
15:22:53  1 of 3 OK loaded seed file public.customers .................................... [CREATE 2000 in 1.21s]
15:22:53  2 of 3 OK loaded seed file public.products ..................................... [CREATE 500 in 1.26s]
15:23:12  3 of 3 OK loaded seed file public.sales ........................................ [CREATE 50000 in 20.46s]
15:23:13  
15:23:13  Finished running 3 seeds in 0 hours 0 minutes and 20.58 seconds (20.58s).
15:23:13  
15:23:13  Completed successfully
15:23:13  
15:23:13  Done. PASS=3 WARN=0 ERROR=0 SKIP=0 NO-OP=0 TOTAL=3
15:23:15  Running with dbt=1.11.2
15:23:15  Registered adapter: postgres=1.10.0
15:23:15  Found 1 model, 3 seeds, 4 data tests, 579 macros
15:23:15  
15:23:15  Concurrency: 4 threads (target='dev')
15:23:15  
15:23:15  1 of 1 START sql view model public.monthly_sales ............................... [RUN]
15:23:15  1 of 1 OK created sql view model public.monthly_sales .......................... [CREATE VIEW in 0.06s]
15:23:15  
15:23:15  Finished running 1 view model in 0 hours 0 minutes and 0.18 seconds (0.18s).
15:23:15  
15:23:15  Completed successfully
15:23:15  
15:23:15  Done. PASS=1 WARN=0 ERROR=0 SKIP=0 NO-OP=0 TOTAL=1
15:23:18  Running with dbt=1.11.2
15:23:18  Registered adapter: postgres=1.10.0
15:23:18  Found 1 model, 3 seeds, 4 data tests, 579 macros
15:23:18  
15:23:18  Concurrency: 4 threads (target='dev')
15:23:18  
15:23:18  1 of 1 START test s2_category_sum_equals_total ................................. [RUN]
15:23:18  1 of 1 PASS s2_category_sum_equals_total ....................................... [PASS in 0.09s]
15:23:18  
15:23:18  Finished running 1 test in 0 hours 0 minutes and 0.20 seconds (0.20s).
15:23:18  
15:23:18  Completed successfully
15:23:18  
15:23:18  Done. PASS=1 WARN=0 ERROR=0 SKIP=0 NO-OP=0 TOTAL=1
15:23:21  Running with dbt=1.11.2
15:23:21  Registered adapter: postgres=1.10.0
15:23:21  Found 1 model, 3 seeds, 4 data tests, 579 macros
15:23:21  
15:23:21  Concurrency: 4 threads (target='dev')
15:23:21  
15:23:21  1 of 3 START seed file public.customers ........................................ [RUN]
15:23:21  2 of 3 START seed file public.products ......................................... [RUN]
15:23:21  3 of 3 START seed file public.sales ............................................ [RUN]
15:23:23  2 of 3 OK loaded seed file public.products ..................................... [CREATE 500 in 1.29s]
15:23:23  1 of 3 OK loaded seed file public.customers .................................... [CREATE 2000 in 1.30s]
15:23:42  3 of 3 OK loaded seed file public.sales ........................................ [CREATE 50000 in 20.64s]
15:23:42  
15:23:42  Finished running 3 seeds in 0 hours 0 minutes and 20.76 seconds (20.76s).
15:23:42  
15:23:42  Completed successfully
15:23:42  
15:23:42  Done. PASS=3 WARN=0 ERROR=0 SKIP=0 NO-OP=0 TOTAL=3
15:23:44  Running with dbt=1.11.2
15:23:45  Registered adapter: postgres=1.10.0
15:23:45  Found 1 model, 3 seeds, 4 data tests, 579 macros
15:23:45  
15:23:45  Concurrency: 4 threads (target='dev')
15:23:45  
15:23:45  1 of 1 START sql view model public.monthly_sales ............................... [RUN]
15:23:45  1 of 1 OK created sql view model public.monthly_sales .......................... [CREATE VIEW in 0.05s]
15:23:45  
15:23:45  Finished running 1 view model in 0 hours 0 minutes and 0.20 seconds (0.20s).
15:23:45  
15:23:45  Completed successfully
15:23:45  
15:23:45  Done. PASS=1 WARN=0 ERROR=0 SKIP=0 NO-OP=0 TOTAL=1
15:23:47  Running with dbt=1.11.2
15:23:47  Registered adapter: postgres=1.10.0
15:23:48  Found 1 model, 3 seeds, 4 data tests, 579 macros
15:23:48  
15:23:48  Concurrency: 4 threads (target='dev')
15:23:48  
15:23:48  1 of 1 START test s2_category_sum_equals_total ................................. [RUN]
15:23:48  1 of 1 PASS s2_category_sum_equals_total ....................................... [PASS in 0.07s]
15:23:48  
15:23:48  Finished running 1 test in 0 hours 0 minutes and 0.17 seconds (0.17s).
15:23:48  
15:23:48  Completed successfully
15:23:48  
15:23:48  Done. PASS=1 WARN=0 ERROR=0 SKIP=0 NO-OP=0 TOTAL=1
15:23:51  Running with dbt=1.11.2
15:23:51  Registered adapter: postgres=1.10.0
15:23:51  Found 1 model, 3 seeds, 4 data tests, 579 macros
15:23:51  
15:23:51  Concurrency: 4 threads (target='dev')
15:23:51  
15:23:51  1 of 3 START seed file public.customers ........................................ [RUN]
15:23:51  2 of 3 START seed file public.products ......................................... [RUN]
15:23:51  3 of 3 START seed file public.sales ............................................ [RUN]
15:23:52  2 of 3 OK loaded seed file public.products ..................................... [CREATE 500 in 1.10s]
15:23:52  1 of 3 OK loaded seed file public.customers .................................... [CREATE 2000 in 1.26s]
15:24:12  3 of 3 OK loaded seed file public.sales ........................................ [CREATE 50000 in 20.53s]
15:24:12  
15:24:12  Finished running 3 seeds in 0 hours 0 minutes and 20.66 seconds (20.66s).
15:24:12  
15:24:12  Completed successfully
15:24:12  
15:24:12  Done. PASS=3 WARN=0 ERROR=0 SKIP=0 NO-OP=0 TOTAL=3
15:24:14  Running with dbt=1.11.2
15:24:14  Registered adapter: postgres=1.10.0
15:24:14  Found 1 model, 3 seeds, 4 data tests, 579 macros
15:24:14  
15:24:14  Concurrency: 4 threads (target='dev')
15:24:14  
15:24:15  1 of 1 START sql view model public.monthly_sales ............................... [RUN]
15:24:15  1 of 1 OK created sql view model public.monthly_sales .......................... [CREATE VIEW in 0.06s]
15:24:15  
15:24:15  Finished running 1 view model in 0 hours 0 minutes and 0.20 seconds (0.20s).
15:24:15  
15:24:15  Completed successfully
15:24:15  
15:24:15  Done. PASS=1 WARN=0 ERROR=0 SKIP=0 NO-OP=0 TOTAL=1
15:24:17  Running with dbt=1.11.2
15:24:17  Registered adapter: postgres=1.10.0
15:24:17  Found 1 model, 3 seeds, 4 data tests, 579 macros
15:24:17  
15:24:17  Concurrency: 4 threads (target='dev')
15:24:17  
15:24:17  1 of 1 START test s2_category_sum_equals_total ................................. [RUN]
15:24:17  1 of 1 PASS s2_category_sum_equals_total ....................................... [PASS in 0.08s]
15:24:17  
15:24:17  Finished running 1 test in 0 hours 0 minutes and 0.18 seconds (0.18s).
15:24:17  
15:24:17  Completed successfully
15:24:17  
15:24:17  Done. PASS=1 WARN=0 ERROR=0 SKIP=0 NO-OP=0 TOTAL=1
15:24:20  Running with dbt=1.11.2
15:24:20  Registered adapter: postgres=1.10.0
15:24:21  Found 1 model, 3 seeds, 4 data tests, 579 macros
15:24:21  
15:24:21  Concurrency: 4 threads (target='dev')
15:24:21  
15:24:21  1 of 3 START seed file public.customers ........................................ [RUN]
15:24:21  2 of 3 START seed file public.products ......................................... [RUN]
15:24:21  3 of 3 START seed file public.sales ............................................ [RUN]
15:24:22  1 of 3 OK loaded seed file public.customers .................................... [CREATE 2000 in 0.82s]
15:24:22  2 of 3 OK loaded seed file public.products ..................................... [CREATE 500 in 0.97s]
15:24:41  3 of 3 OK loaded seed file public.sales ........................................ [CREATE 50000 in 20.64s]
15:24:41  
15:24:41  Finished running 3 seeds in 0 hours 0 minutes and 20.78 seconds (20.78s).
15:24:41  
15:24:41  Completed successfully
15:24:41  
15:24:41  Done. PASS=3 WARN=0 ERROR=0 SKIP=0 NO-OP=0 TOTAL=3
15:24:44  Running with dbt=1.11.2
15:24:44  Registered adapter: postgres=1.10.0
15:24:44  Found 1 model, 3 seeds, 4 data tests, 579 macros
15:24:44  
15:24:44  Concurrency: 4 threads (target='dev')
15:24:44  
15:24:44  1 of 1 START sql view model public.monthly_sales ............................... [RUN]
15:24:44  1 of 1 OK created sql view model public.monthly_sales .......................... [CREATE VIEW in 0.06s]
15:24:44  
15:24:44  Finished running 1 view model in 0 hours 0 minutes and 0.18 seconds (0.18s).
15:24:44  
15:24:44  Completed successfully
15:24:44  
15:24:44  Done. PASS=1 WARN=0 ERROR=0 SKIP=0 NO-OP=0 TOTAL=1
15:24:47  Running with dbt=1.11.2
15:24:47  Registered adapter: postgres=1.10.0
15:24:47  Found 1 model, 3 seeds, 4 data tests, 579 macros
15:24:47  
15:24:47  Concurrency: 4 threads (target='dev')
15:24:47  
15:24:47  1 of 1 START test s2_category_sum_equals_total ................................. [RUN]
15:24:47  1 of 1 PASS s2_category_sum_equals_total ....................................... [PASS in 0.07s]
15:24:47  
15:24:47  Finished running 1 test in 0 hours 0 minutes and 0.17 seconds (0.17s).
15:24:47  
15:24:47  Completed successfully
15:24:47  
15:24:47  Done. PASS=1 WARN=0 ERROR=0 SKIP=0 NO-OP=0 TOTAL=1
15:24:50  Running with dbt=1.11.2
15:24:50  Registered adapter: postgres=1.10.0
15:24:50  Found 1 model, 3 seeds, 4 data tests, 579 macros
15:24:50  
15:24:50  Concurrency: 4 threads (target='dev')
15:24:50  
15:24:51  1 of 3 START seed file public.customers ........................................ [RUN]
15:24:51  2 of 3 START seed file public.products ......................................... [RUN]
15:24:51  3 of 3 START seed file public.sales ............................................ [RUN]
15:24:52  2 of 3 OK loaded seed file public.products ..................................... [CREATE 500 in 1.20s]
15:24:52  1 of 3 OK loaded seed file public.customers .................................... [CREATE 2000 in 1.30s]
15:25:11  3 of 3 OK loaded seed file public.sales ........................................ [CREATE 50000 in 20.86s]
15:25:11  
15:25:11  Finished running 3 seeds in 0 hours 0 minutes and 20.98 seconds (20.98s).
15:25:11  
15:25:11  Completed successfully
15:25:11  
15:25:11  Done. PASS=3 WARN=0 ERROR=0 SKIP=0 NO-OP=0 TOTAL=3
15:25:14  Running with dbt=1.11.2
15:25:14  Registered adapter: postgres=1.10.0
15:25:14  Found 1 model, 3 seeds, 4 data tests, 579 macros
15:25:14  
15:25:14  Concurrency: 4 threads (target='dev')
15:25:14  
15:25:14  1 of 1 START sql view model public.monthly_sales ............................... [RUN]
15:25:14  1 of 1 OK created sql view model public.monthly_sales .......................... [CREATE VIEW in 0.06s]
15:25:14  
15:25:14  Finished running 1 view model in 0 hours 0 minutes and 0.20 seconds (0.20s).
15:25:14  
15:25:14  Completed successfully
15:25:14  
15:25:14  Done. PASS=1 WARN=0 ERROR=0 SKIP=0 NO-OP=0 TOTAL=1
15:25:17  Running with dbt=1.11.2
15:25:17  Registered adapter: postgres=1.10.0
15:25:17  Found 1 model, 3 seeds, 4 data tests, 579 macros
15:25:17  
15:25:17  Concurrency: 4 threads (target='dev')
15:25:17  
15:25:17  1 of 1 START test s2_category_sum_equals_total ................................. [RUN]
15:25:17  1 of 1 PASS s2_category_sum_equals_total ....................................... [PASS in 0.10s]
15:25:17  
15:25:17  Finished running 1 test in 0 hours 0 minutes and 0.19 seconds (0.19s).
15:25:17  
15:25:17  Completed successfully
15:25:17  
15:25:17  Done. PASS=1 WARN=0 ERROR=0 SKIP=0 NO-OP=0 TOTAL=1
15:25:20  Running with dbt=1.11.2
15:25:20  Registered adapter: postgres=1.10.0
15:25:20  Found 1 model, 3 seeds, 4 data tests, 579 macros
15:25:20  
15:25:20  Concurrency: 4 threads (target='dev')
15:25:20  
15:25:20  1 of 3 START seed file public.customers ........................................ [RUN]
15:25:20  2 of 3 START seed file public.products ......................................... [RUN]
15:25:20  3 of 3 START seed file public.sales ............................................ [RUN]
15:25:22  2 of 3 OK loaded seed file public.products ..................................... [CREATE 500 in 1.01s]
15:25:22  1 of 3 OK loaded seed file public.customers .................................... [CREATE 2000 in 1.09s]
15:25:41  3 of 3 OK loaded seed file public.sales ........................................ [CREATE 50000 in 20.78s]
15:25:41  
15:25:41  Finished running 3 seeds in 0 hours 0 minutes and 20.91 seconds (20.91s).
15:25:41  
15:25:41  Completed successfully
15:25:41  
15:25:41  Done. PASS=3 WARN=0 ERROR=0 SKIP=0 NO-OP=0 TOTAL=3
15:25:45  Running with dbt=1.11.2
15:25:45  Registered adapter: postgres=1.10.0
15:25:45  Found 1 model, 3 seeds, 4 data tests, 579 macros
15:25:45  
15:25:45  Concurrency: 4 threads (target='dev')
15:25:45  
15:25:45  1 of 1 START sql view model public.monthly_sales ............................... [RUN]
15:25:45  1 of 1 OK created sql view model public.monthly_sales .......................... [CREATE VIEW in 0.06s]
15:25:45  
15:25:45  Finished running 1 view model in 0 hours 0 minutes and 0.19 seconds (0.19s).
15:25:45  
15:25:45  Completed successfully
15:25:45  
15:25:45  Done. PASS=1 WARN=0 ERROR=0 SKIP=0 NO-OP=0 TOTAL=1
15:25:53  Running with dbt=1.11.2
15:25:53  Registered adapter: postgres=1.10.0
15:25:53  Found 1 model, 3 seeds, 4 data tests, 579 macros
15:25:53  
15:25:53  Concurrency: 4 threads (target='dev')
15:25:53  
15:25:53  1 of 1 START test s2_category_sum_equals_total ................................. [RUN]
15:25:54  1 of 1 PASS s2_category_sum_equals_total ....................................... [PASS in 0.08s]
15:25:54  
15:25:54  Finished running 1 test in 0 hours 0 minutes and 0.19 seconds (0.19s).
15:25:54  
15:25:54  Completed successfully
15:25:54  
15:25:54  Done. PASS=1 WARN=0 ERROR=0 SKIP=0 NO-OP=0 TOTAL=1
15:25:56  Running with dbt=1.11.2
15:25:56  Registered adapter: postgres=1.10.0
15:25:57  Found 1 model, 3 seeds, 4 data tests, 579 macros
15:25:57  
15:25:57  Concurrency: 4 threads (target='dev')
15:25:57  
15:25:57  1 of 3 START seed file public.customers ........................................ [RUN]
15:25:57  2 of 3 START seed file public.products ......................................... [RUN]
15:25:57  3 of 3 START seed file public.sales ............................................ [RUN]
15:25:58  1 of 3 OK loaded seed file public.customers .................................... [CREATE 2000 in 1.18s]
15:25:58  2 of 3 OK loaded seed file public.products ..................................... [CREATE 500 in 1.30s]
15:26:17  3 of 3 OK loaded seed file public.sales ........................................ [CREATE 50000 in 20.56s]
15:26:17  
15:26:17  Finished running 3 seeds in 0 hours 0 minutes and 20.71 seconds (20.71s).
15:26:17  
15:26:17  Completed successfully
15:26:17  
15:26:17  Done. PASS=3 WARN=0 ERROR=0 SKIP=0 NO-OP=0 TOTAL=3
15:26:20  Running with dbt=1.11.2
15:26:20  Registered adapter: postgres=1.10.0
15:26:20  Found 1 model, 3 seeds, 4 data tests, 579 macros
15:26:20  
15:26:20  Concurrency: 4 threads (target='dev')
15:26:20  
15:26:20  1 of 1 START sql view model public.monthly_sales ............................... [RUN]
15:26:20  1 of 1 OK created sql view model public.monthly_sales .......................... [CREATE VIEW in 0.07s]
15:26:20  
15:26:20  Finished running 1 view model in 0 hours 0 minutes and 0.18 seconds (0.18s).
15:26:20  
15:26:20  Completed successfully
15:26:20  
15:26:20  Done. PASS=1 WARN=0 ERROR=0 SKIP=0 NO-OP=0 TOTAL=1
15:26:23  Running with dbt=1.11.2
15:26:23  Registered adapter: postgres=1.10.0
15:26:23  Found 1 model, 3 seeds, 4 data tests, 579 macros
15:26:23  
15:26:23  Concurrency: 4 threads (target='dev')
15:26:23  
15:26:23  1 of 1 START test s2_category_sum_equals_total ................................. [RUN]
15:26:23  1 of 1 PASS s2_category_sum_equals_total ....................................... [PASS in 0.08s]
15:26:23  
15:26:23  Finished running 1 test in 0 hours 0 minutes and 0.17 seconds (0.17s).
15:26:23  
15:26:23  Completed successfully
15:26:23  
15:26:23  Done. PASS=1 WARN=0 ERROR=0 SKIP=0 NO-OP=0 TOTAL=1
15:26:26  Running with dbt=1.11.2
15:26:26  Registered adapter: postgres=1.10.0
15:26:26  Found 1 model, 3 seeds, 4 data tests, 579 macros
15:26:26  
15:26:26  Concurrency: 4 threads (target='dev')
15:26:26  
15:26:27  1 of 3 START seed file public.customers ........................................ [RUN]
15:26:27  2 of 3 START seed file public.products ......................................... [RUN]
15:26:27  3 of 3 START seed file public.sales ............................................ [RUN]
15:26:28  1 of 3 OK loaded seed file public.customers .................................... [CREATE 2000 in 1.49s]
15:26:28  2 of 3 OK loaded seed file public.products ..................................... [CREATE 500 in 1.52s]
15:26:47  3 of 3 OK loaded seed file public.sales ........................................ [CREATE 50000 in 20.88s]
15:26:47  
15:26:47  Finished running 3 seeds in 0 hours 0 minutes and 21.01 seconds (21.01s).
15:26:47  
15:26:47  Completed successfully
15:26:47  
15:26:47  Done. PASS=3 WARN=0 ERROR=0 SKIP=0 NO-OP=0 TOTAL=3
15:26:50  Running with dbt=1.11.2
15:26:50  Registered adapter: postgres=1.10.0
15:26:50  Found 1 model, 3 seeds, 4 data tests, 579 macros
15:26:50  
15:26:50  Concurrency: 4 threads (target='dev')
15:26:50  
15:26:50  1 of 1 START sql view model public.monthly_sales ............................... [RUN]
15:26:50  1 of 1 OK created sql view model public.monthly_sales .......................... [CREATE VIEW in 0.06s]
15:26:50  
15:26:50  Finished running 1 view model in 0 hours 0 minutes and 0.19 seconds (0.19s).
15:26:50  
15:26:50  Completed successfully
15:26:50  
15:26:50  Done. PASS=1 WARN=0 ERROR=0 SKIP=0 NO-OP=0 TOTAL=1
15:26:52  Running with dbt=1.11.2
15:26:53  Registered adapter: postgres=1.10.0
15:26:53  Found 1 model, 3 seeds, 4 data tests, 579 macros
15:26:53  
15:26:53  Concurrency: 4 threads (target='dev')
15:26:53  
15:26:53  1 of 1 START test s2_category_sum_equals_total ................................. [RUN]
15:26:53  1 of 1 PASS s2_category_sum_equals_total ....................................... [PASS in 0.07s]
15:26:53  
15:26:53  Finished running 1 test in 0 hours 0 minutes and 0.15 seconds (0.15s).
15:26:53  
15:26:53  Completed successfully
15:26:53  
15:26:53  Done. PASS=1 WARN=0 ERROR=0 SKIP=0 NO-OP=0 TOTAL=1
15:26:56  Running with dbt=1.11.2
15:26:56  Registered adapter: postgres=1.10.0
15:26:56  Found 1 model, 3 seeds, 4 data tests, 579 macros
15:26:56  
15:26:56  Concurrency: 4 threads (target='dev')
15:26:56  
15:26:56  1 of 3 START seed file public.customers ........................................ [RUN]
15:26:56  2 of 3 START seed file public.products ......................................... [RUN]
15:26:56  3 of 3 START seed file public.sales ............................................ [RUN]
15:26:58  2 of 3 OK loaded seed file public.products ..................................... [CREATE 500 in 1.10s]
15:26:58  1 of 3 OK loaded seed file public.customers .................................... [CREATE 2000 in 1.22s]
15:27:17  3 of 3 OK loaded seed file public.sales ........................................ [CREATE 50000 in 20.40s]
15:27:17  
15:27:17  Finished running 3 seeds in 0 hours 0 minutes and 20.57 seconds (20.57s).
15:27:17  
15:27:17  Completed successfully
15:27:17  
15:27:17  Done. PASS=3 WARN=0 ERROR=0 SKIP=0 NO-OP=0 TOTAL=3
15:27:19  Running with dbt=1.11.2
15:27:19  Registered adapter: postgres=1.10.0
15:27:19  Found 1 model, 3 seeds, 4 data tests, 579 macros
15:27:19  
15:27:19  Concurrency: 4 threads (target='dev')
15:27:19  
15:27:19  1 of 1 START sql view model public.monthly_sales ............................... [RUN]
15:27:20  1 of 1 OK created sql view model public.monthly_sales .......................... [CREATE VIEW in 0.08s]
15:27:20  
15:27:20  Finished running 1 view model in 0 hours 0 minutes and 0.19 seconds (0.19s).
15:27:20  
15:27:20  Completed successfully
15:27:20  
15:27:20  Done. PASS=1 WARN=0 ERROR=0 SKIP=0 NO-OP=0 TOTAL=1
15:27:22  Running with dbt=1.11.2
15:27:22  Registered adapter: postgres=1.10.0
15:27:22  Found 1 model, 3 seeds, 4 data tests, 579 macros
15:27:22  
15:27:22  Concurrency: 4 threads (target='dev')
15:27:22  
15:27:22  1 of 1 START test s2_category_sum_equals_total ................................. [RUN]
15:27:22  1 of 1 PASS s2_category_sum_equals_total ....................................... [PASS in 0.08s]
15:27:22  
15:27:22  Finished running 1 test in 0 hours 0 minutes and 0.19 seconds (0.19s).
15:27:22  
15:27:22  Completed successfully
15:27:22  
15:27:22  Done. PASS=1 WARN=0 ERROR=0 SKIP=0 NO-OP=0 TOTAL=1
15:27:25  Running with dbt=1.11.2
15:27:25  Registered adapter: postgres=1.10.0
15:27:26  Found 1 model, 3 seeds, 4 data tests, 579 macros
15:27:26  
15:27:26  Concurrency: 4 threads (target='dev')
15:27:26  
15:27:26  1 of 3 START seed file public.customers ........................................ [RUN]
15:27:26  2 of 3 START seed file public.products ......................................... [RUN]
15:27:26  3 of 3 START seed file public.sales ............................................ [RUN]
15:27:27  2 of 3 OK loaded seed file public.products ..................................... [CREATE 500 in 1.29s]
15:27:27  1 of 3 OK loaded seed file public.customers .................................... [CREATE 2000 in 1.32s]
15:27:46  3 of 3 OK loaded seed file public.sales ........................................ [CREATE 50000 in 20.56s]
15:27:46  
15:27:46  Finished running 3 seeds in 0 hours 0 minutes and 20.68 seconds (20.68s).
15:27:46  
15:27:46  Completed successfully
15:27:46  
15:27:46  Done. PASS=3 WARN=0 ERROR=0 SKIP=0 NO-OP=0 TOTAL=3
15:27:49  Running with dbt=1.11.2
15:27:49  Registered adapter: postgres=1.10.0
15:27:49  Found 1 model, 3 seeds, 4 data tests, 579 macros
15:27:49  
15:27:49  Concurrency: 4 threads (target='dev')
15:27:49  
15:27:49  1 of 1 START sql view model public.monthly_sales ............................... [RUN]
15:27:49  1 of 1 OK created sql view model public.monthly_sales .......................... [CREATE VIEW in 0.06s]
15:27:49  
15:27:49  Finished running 1 view model in 0 hours 0 minutes and 0.22 seconds (0.22s).
15:27:49  
15:27:49  Completed successfully
15:27:49  
15:27:49  Done. PASS=1 WARN=0 ERROR=0 SKIP=0 NO-OP=0 TOTAL=1
15:27:51  Running with dbt=1.11.2
15:27:52  Registered adapter: postgres=1.10.0
15:27:52  Found 1 model, 3 seeds, 4 data tests, 579 macros
15:27:52  
15:27:52  Concurrency: 4 threads (target='dev')
15:27:52  
15:27:52  1 of 1 START test s2_category_sum_equals_total ................................. [RUN]
15:27:52  1 of 1 PASS s2_category_sum_equals_total ....................................... [PASS in 0.07s]
15:27:52  
15:27:52  Finished running 1 test in 0 hours 0 minutes and 0.17 seconds (0.17s).
15:27:52  
15:27:52  Completed successfully
15:27:52  
15:27:52  Done. PASS=1 WARN=0 ERROR=0 SKIP=0 NO-OP=0 TOTAL=1

2025-12-24T18:27:55.0182161+03:00 END tool=dbt scenario=S2 duration_ms=648469 duration_s=648.47 exit_code=0
