2025-12-24T18:42:34.4997937+03:00 START tool=dbt scenario=S4 remaining=20
15:42:36  Running with dbt=1.11.2
15:42:37  Installing dbt-labs/dbt_utils
15:42:37  Installed from version 1.3.0
15:42:37  Updated version available: 1.3.3
15:42:37  
15:42:37  Updates available for packages: ['dbt-labs/dbt_utils']                 
Update your versions in packages.yml, then run dbt deps
15:42:40  Running with dbt=1.11.2
15:42:40  Registered adapter: postgres=1.10.0
15:42:40  Found 1 model, 3 seeds, 4 data tests, 579 macros
15:42:40  
15:42:40  Concurrency: 4 threads (target='dev')
15:42:40  
15:42:40  1 of 3 START seed file public.customers ........................................ [RUN]
15:42:40  2 of 3 START seed file public.products ......................................... [RUN]
15:42:40  3 of 3 START seed file public.sales ............................................ [RUN]
15:42:41  2 of 3 OK loaded seed file public.products ..................................... [CREATE 500 in 0.70s]
15:42:41  1 of 3 OK loaded seed file public.customers .................................... [CREATE 2000 in 0.90s]
15:43:01  3 of 3 OK loaded seed file public.sales ........................................ [CREATE 50000 in 20.35s]
15:43:01  
15:43:01  Finished running 3 seeds in 0 hours 0 minutes and 20.50 seconds (20.50s).
15:43:01  
15:43:01  Completed successfully
15:43:01  
15:43:01  Done. PASS=3 WARN=0 ERROR=0 SKIP=0 NO-OP=0 TOTAL=3
15:43:04  Running with dbt=1.11.2
15:43:05  Registered adapter: postgres=1.10.0
15:43:05  Found 1 model, 3 seeds, 4 data tests, 579 macros
15:43:05  
15:43:05  Concurrency: 4 threads (target='dev')
15:43:05  
15:43:05  1 of 1 START sql view model public.monthly_sales ............................... [RUN]
15:43:05  1 of 1 OK created sql view model public.monthly_sales .......................... [CREATE VIEW in 0.06s]
15:43:05  
15:43:05  Finished running 1 view model in 0 hours 0 minutes and 0.19 seconds (0.19s).
15:43:05  
15:43:05  Completed successfully
15:43:05  
15:43:05  Done. PASS=1 WARN=0 ERROR=0 SKIP=0 NO-OP=0 TOTAL=1
15:43:07  Running with dbt=1.11.2
15:43:07  Registered adapter: postgres=1.10.0
15:43:08  Found 1 model, 3 seeds, 4 data tests, 579 macros
15:43:08  
15:43:08  Concurrency: 4 threads (target='dev')
15:43:08  
15:43:08  1 of 1 START test s4_revenue_not_null_non_negative ............................. [RUN]
15:43:08  1 of 1 PASS s4_revenue_not_null_non_negative ................................... [PASS in 0.07s]
15:43:08  
15:43:08  Finished running 1 test in 0 hours 0 minutes and 0.17 seconds (0.17s).
15:43:08  
15:43:08  Completed successfully
15:43:08  
15:43:08  Done. PASS=1 WARN=0 ERROR=0 SKIP=0 NO-OP=0 TOTAL=1
15:43:11  Running with dbt=1.11.2
15:43:11  Registered adapter: postgres=1.10.0
15:43:11  Found 1 model, 3 seeds, 4 data tests, 579 macros
15:43:11  
15:43:11  Concurrency: 4 threads (target='dev')
15:43:11  
15:43:11  1 of 3 START seed file public.customers ........................................ [RUN]
15:43:11  2 of 3 START seed file public.products ......................................... [RUN]
15:43:11  3 of 3 START seed file public.sales ............................................ [RUN]
15:43:13  2 of 3 OK loaded seed file public.products ..................................... [CREATE 500 in 1.17s]
15:43:13  1 of 3 OK loaded seed file public.customers .................................... [CREATE 2000 in 1.28s]
15:43:32  3 of 3 OK loaded seed file public.sales ........................................ [CREATE 50000 in 20.67s]
15:43:32  
15:43:32  Finished running 3 seeds in 0 hours 0 minutes and 20.78 seconds (20.78s).
15:43:32  
15:43:32  Completed successfully
15:43:32  
15:43:32  Done. PASS=3 WARN=0 ERROR=0 SKIP=0 NO-OP=0 TOTAL=3
15:43:34  Running with dbt=1.11.2
15:43:34  Registered adapter: postgres=1.10.0
15:43:35  Found 1 model, 3 seeds, 4 data tests, 579 macros
15:43:35  
15:43:35  Concurrency: 4 threads (target='dev')
15:43:35  
15:43:35  1 of 1 START sql view model public.monthly_sales ............................... [RUN]
15:43:35  1 of 1 OK created sql view model public.monthly_sales .......................... [CREATE VIEW in 0.06s]
15:43:35  
15:43:35  Finished running 1 view model in 0 hours 0 minutes and 0.17 seconds (0.17s).
15:43:35  
15:43:35  Completed successfully
15:43:35  
15:43:35  Done. PASS=1 WARN=0 ERROR=0 SKIP=0 NO-OP=0 TOTAL=1
15:43:37  Running with dbt=1.11.2
15:43:37  Registered adapter: postgres=1.10.0
15:43:38  Found 1 model, 3 seeds, 4 data tests, 579 macros
15:43:38  
15:43:38  Concurrency: 4 threads (target='dev')
15:43:38  
15:43:38  1 of 1 START test s4_revenue_not_null_non_negative ............................. [RUN]
15:43:38  1 of 1 PASS s4_revenue_not_null_non_negative ................................... [PASS in 0.07s]
15:43:38  
15:43:38  Finished running 1 test in 0 hours 0 minutes and 0.19 seconds (0.19s).
15:43:38  
15:43:38  Completed successfully
15:43:38  
15:43:38  Done. PASS=1 WARN=0 ERROR=0 SKIP=0 NO-OP=0 TOTAL=1
15:43:41  Running with dbt=1.11.2
15:43:41  Registered adapter: postgres=1.10.0
15:43:41  Found 1 model, 3 seeds, 4 data tests, 579 macros
15:43:41  
15:43:41  Concurrency: 4 threads (target='dev')
15:43:41  
15:43:41  1 of 3 START seed file public.customers ........................................ [RUN]
15:43:41  2 of 3 START seed file public.products ......................................... [RUN]
15:43:41  3 of 3 START seed file public.sales ............................................ [RUN]
15:43:42  2 of 3 OK loaded seed file public.products ..................................... [CREATE 500 in 0.96s]
15:43:42  1 of 3 OK loaded seed file public.customers .................................... [CREATE 2000 in 1.01s]
15:44:02  3 of 3 OK loaded seed file public.sales ........................................ [CREATE 50000 in 21.01s]
15:44:02  
15:44:02  Finished running 3 seeds in 0 hours 0 minutes and 21.13 seconds (21.13s).
15:44:02  
15:44:02  Completed successfully
15:44:02  
15:44:02  Done. PASS=3 WARN=0 ERROR=0 SKIP=0 NO-OP=0 TOTAL=3
15:44:07  Running with dbt=1.11.2
15:44:07  Registered adapter: postgres=1.10.0
15:44:07  Found 1 model, 3 seeds, 4 data tests, 579 macros
15:44:07  
15:44:07  Concurrency: 4 threads (target='dev')
15:44:07  
15:44:07  1 of 1 START sql view model public.monthly_sales ............................... [RUN]
15:44:07  1 of 1 OK created sql view model public.monthly_sales .......................... [CREATE VIEW in 0.08s]
15:44:07  
15:44:07  Finished running 1 view model in 0 hours 0 minutes and 0.20 seconds (0.20s).
15:44:07  
15:44:07  Completed successfully
15:44:07  
15:44:07  Done. PASS=1 WARN=0 ERROR=0 SKIP=0 NO-OP=0 TOTAL=1
15:44:10  Running with dbt=1.11.2
15:44:10  Registered adapter: postgres=1.10.0
15:44:10  Found 1 model, 3 seeds, 4 data tests, 579 macros
15:44:10  
15:44:10  Concurrency: 4 threads (target='dev')
15:44:10  
15:44:10  1 of 1 START test s4_revenue_not_null_non_negative ............................. [RUN]
15:44:10  1 of 1 PASS s4_revenue_not_null_non_negative ................................... [PASS in 0.06s]
15:44:10  
15:44:10  Finished running 1 test in 0 hours 0 minutes and 0.15 seconds (0.15s).
15:44:10  
15:44:10  Completed successfully
15:44:10  
15:44:10  Done. PASS=1 WARN=0 ERROR=0 SKIP=0 NO-OP=0 TOTAL=1
15:44:14  Running with dbt=1.11.2
15:44:14  Registered adapter: postgres=1.10.0
15:44:15  Found 1 model, 3 seeds, 4 data tests, 579 macros
15:44:15  
15:44:15  Concurrency: 4 threads (target='dev')
15:44:15  
15:44:15  1 of 3 START seed file public.customers ........................................ [RUN]
15:44:15  2 of 3 START seed file public.products ......................................... [RUN]
15:44:15  3 of 3 START seed file public.sales ............................................ [RUN]
15:44:16  2 of 3 OK loaded seed file public.products ..................................... [CREATE 500 in 1.14s]
15:44:16  1 of 3 OK loaded seed file public.customers .................................... [CREATE 2000 in 1.35s]
15:44:35  3 of 3 OK loaded seed file public.sales ........................................ [CREATE 50000 in 20.38s]
15:44:35  
15:44:35  Finished running 3 seeds in 0 hours 0 minutes and 20.51 seconds (20.51s).
15:44:35  
15:44:35  Completed successfully
15:44:35  
15:44:35  Done. PASS=3 WARN=0 ERROR=0 SKIP=0 NO-OP=0 TOTAL=3
15:44:40  Running with dbt=1.11.2
15:44:40  Registered adapter: postgres=1.10.0
15:44:40  Found 1 model, 3 seeds, 4 data tests, 579 macros
15:44:40  
15:44:40  Concurrency: 4 threads (target='dev')
15:44:40  
15:44:40  1 of 1 START sql view model public.monthly_sales ............................... [RUN]
15:44:40  1 of 1 OK created sql view model public.monthly_sales .......................... [CREATE VIEW in 0.06s]
15:44:40  
15:44:40  Finished running 1 view model in 0 hours 0 minutes and 0.15 seconds (0.15s).
15:44:40  
15:44:40  Completed successfully
15:44:40  
15:44:40  Done. PASS=1 WARN=0 ERROR=0 SKIP=0 NO-OP=0 TOTAL=1
15:44:42  Running with dbt=1.11.2
15:44:43  Registered adapter: postgres=1.10.0
15:44:43  Found 1 model, 3 seeds, 4 data tests, 579 macros
15:44:43  
15:44:43  Concurrency: 4 threads (target='dev')
15:44:43  
15:44:43  1 of 1 START test s4_revenue_not_null_non_negative ............................. [RUN]
15:44:43  1 of 1 PASS s4_revenue_not_null_non_negative ................................... [PASS in 0.06s]
15:44:43  
15:44:43  Finished running 1 test in 0 hours 0 minutes and 0.19 seconds (0.19s).
15:44:43  
15:44:43  Completed successfully
15:44:43  
15:44:43  Done. PASS=1 WARN=0 ERROR=0 SKIP=0 NO-OP=0 TOTAL=1
15:44:46  Running with dbt=1.11.2
15:44:46  Registered adapter: postgres=1.10.0
15:44:46  Found 1 model, 3 seeds, 4 data tests, 579 macros
15:44:46  
15:44:46  Concurrency: 4 threads (target='dev')
15:44:46  
15:44:46  1 of 3 START seed file public.customers ........................................ [RUN]
15:44:46  2 of 3 START seed file public.products ......................................... [RUN]
15:44:46  3 of 3 START seed file public.sales ............................................ [RUN]
15:44:48  1 of 3 OK loaded seed file public.customers .................................... [CREATE 2000 in 1.09s]
15:44:48  2 of 3 OK loaded seed file public.products ..................................... [CREATE 500 in 1.12s]
15:45:07  3 of 3 OK loaded seed file public.sales ........................................ [CREATE 50000 in 20.28s]
15:45:07  
15:45:07  Finished running 3 seeds in 0 hours 0 minutes and 20.40 seconds (20.40s).
15:45:07  
15:45:07  Completed successfully
15:45:07  
15:45:07  Done. PASS=3 WARN=0 ERROR=0 SKIP=0 NO-OP=0 TOTAL=3
15:45:09  Running with dbt=1.11.2
15:45:09  Registered adapter: postgres=1.10.0
15:45:09  Found 1 model, 3 seeds, 4 data tests, 579 macros
15:45:09  
15:45:09  Concurrency: 4 threads (target='dev')
15:45:09  
15:45:09  1 of 1 START sql view model public.monthly_sales ............................... [RUN]
15:45:10  1 of 1 OK created sql view model public.monthly_sales .......................... [CREATE VIEW in 0.08s]
15:45:10  
15:45:10  Finished running 1 view model in 0 hours 0 minutes and 0.20 seconds (0.20s).
15:45:10  
15:45:10  Completed successfully
15:45:10  
15:45:10  Done. PASS=1 WARN=0 ERROR=0 SKIP=0 NO-OP=0 TOTAL=1
15:45:12  Running with dbt=1.11.2
15:45:12  Registered adapter: postgres=1.10.0
15:45:12  Found 1 model, 3 seeds, 4 data tests, 579 macros
15:45:12  
15:45:12  Concurrency: 4 threads (target='dev')
15:45:12  
15:45:12  1 of 1 START test s4_revenue_not_null_non_negative ............................. [RUN]
15:45:12  1 of 1 PASS s4_revenue_not_null_non_negative ................................... [PASS in 0.07s]
15:45:12  
15:45:12  Finished running 1 test in 0 hours 0 minutes and 0.18 seconds (0.18s).
15:45:12  
15:45:12  Completed successfully
15:45:12  
15:45:12  Done. PASS=1 WARN=0 ERROR=0 SKIP=0 NO-OP=0 TOTAL=1
15:45:15  Running with dbt=1.11.2
15:45:15  Registered adapter: postgres=1.10.0
15:45:15  Found 1 model, 3 seeds, 4 data tests, 579 macros
15:45:15  
15:45:15  Concurrency: 4 threads (target='dev')
15:45:15  
15:45:16  1 of 3 START seed file public.customers ........................................ [RUN]
15:45:16  2 of 3 START seed file public.products ......................................... [RUN]
15:45:16  3 of 3 START seed file public.sales ............................................ [RUN]
15:45:17  2 of 3 OK loaded seed file public.products ..................................... [CREATE 500 in 1.45s]
15:45:17  1 of 3 OK loaded seed file public.customers .................................... [CREATE 2000 in 1.58s]
15:45:36  3 of 3 OK loaded seed file public.sales ........................................ [CREATE 50000 in 20.44s]
15:45:36  
15:45:36  Finished running 3 seeds in 0 hours 0 minutes and 20.61 seconds (20.61s).
15:45:36  
15:45:36  Completed successfully
15:45:36  
15:45:36  Done. PASS=3 WARN=0 ERROR=0 SKIP=0 NO-OP=0 TOTAL=3
15:45:40  Running with dbt=1.11.2
15:45:41  Registered adapter: postgres=1.10.0
15:45:41  Found 1 model, 3 seeds, 4 data tests, 579 macros
15:45:41  
15:45:41  Concurrency: 4 threads (target='dev')
15:45:41  
15:45:41  1 of 1 START sql view model public.monthly_sales ............................... [RUN]
15:45:41  1 of 1 OK created sql view model public.monthly_sales .......................... [CREATE VIEW in 0.08s]
15:45:41  
15:45:41  Finished running 1 view model in 0 hours 0 minutes and 0.21 seconds (0.21s).
15:45:41  
15:45:41  Completed successfully
15:45:41  
15:45:41  Done. PASS=1 WARN=0 ERROR=0 SKIP=0 NO-OP=0 TOTAL=1
15:45:43  Running with dbt=1.11.2
15:45:43  Registered adapter: postgres=1.10.0
15:45:44  Found 1 model, 3 seeds, 4 data tests, 579 macros
15:45:44  
15:45:44  Concurrency: 4 threads (target='dev')
15:45:44  
15:45:44  1 of 1 START test s4_revenue_not_null_non_negative ............................. [RUN]
15:45:44  1 of 1 PASS s4_revenue_not_null_non_negative ................................... [PASS in 0.06s]
15:45:44  
15:45:44  Finished running 1 test in 0 hours 0 minutes and 0.15 seconds (0.15s).
15:45:44  
15:45:44  Completed successfully
15:45:44  
15:45:44  Done. PASS=1 WARN=0 ERROR=0 SKIP=0 NO-OP=0 TOTAL=1
15:45:47  Running with dbt=1.11.2
15:45:47  Registered adapter: postgres=1.10.0
15:45:47  Found 1 model, 3 seeds, 4 data tests, 579 macros
15:45:47  
15:45:47  Concurrency: 4 threads (target='dev')
15:45:47  
15:45:47  1 of 3 START seed file public.customers ........................................ [RUN]
15:45:47  2 of 3 START seed file public.products ......................................... [RUN]
15:45:47  3 of 3 START seed file public.sales ............................................ [RUN]
15:45:48  2 of 3 OK loaded seed file public.products ..................................... [CREATE 500 in 0.60s]
15:45:48  1 of 3 OK loaded seed file public.customers .................................... [CREATE 2000 in 0.60s]
15:46:07  3 of 3 OK loaded seed file public.sales ........................................ [CREATE 50000 in 20.26s]
15:46:07  
15:46:07  Finished running 3 seeds in 0 hours 0 minutes and 20.39 seconds (20.39s).
15:46:07  
15:46:07  Completed successfully
15:46:07  
15:46:07  Done. PASS=3 WARN=0 ERROR=0 SKIP=0 NO-OP=0 TOTAL=3
15:46:10  Running with dbt=1.11.2
15:46:10  Registered adapter: postgres=1.10.0
15:46:10  Found 1 model, 3 seeds, 4 data tests, 579 macros
15:46:10  
15:46:10  Concurrency: 4 threads (target='dev')
15:46:10  
15:46:10  1 of 1 START sql view model public.monthly_sales ............................... [RUN]
15:46:10  1 of 1 OK created sql view model public.monthly_sales .......................... [CREATE VIEW in 0.06s]
15:46:10  
15:46:10  Finished running 1 view model in 0 hours 0 minutes and 0.17 seconds (0.17s).
15:46:10  
15:46:10  Completed successfully
15:46:10  
15:46:10  Done. PASS=1 WARN=0 ERROR=0 SKIP=0 NO-OP=0 TOTAL=1
15:46:13  Running with dbt=1.11.2
15:46:13  Registered adapter: postgres=1.10.0
15:46:13  Found 1 model, 3 seeds, 4 data tests, 579 macros
15:46:13  
15:46:13  Concurrency: 4 threads (target='dev')
15:46:13  
15:46:13  1 of 1 START test s4_revenue_not_null_non_negative ............................. [RUN]
15:46:13  1 of 1 PASS s4_revenue_not_null_non_negative ................................... [PASS in 0.06s]
15:46:13  
15:46:13  Finished running 1 test in 0 hours 0 minutes and 0.18 seconds (0.18s).
15:46:13  
15:46:13  Completed successfully
15:46:13  
15:46:13  Done. PASS=1 WARN=0 ERROR=0 SKIP=0 NO-OP=0 TOTAL=1
15:46:16  Running with dbt=1.11.2
15:46:16  Registered adapter: postgres=1.10.0
15:46:16  Found 1 model, 3 seeds, 4 data tests, 579 macros
15:46:16  
15:46:16  Concurrency: 4 threads (target='dev')
15:46:16  
15:46:17  1 of 3 START seed file public.customers ........................................ [RUN]
15:46:17  2 of 3 START seed file public.products ......................................... [RUN]
15:46:17  3 of 3 START seed file public.sales ............................................ [RUN]
15:46:18  2 of 3 OK loaded seed file public.products ..................................... [CREATE 500 in 1.19s]
15:46:18  1 of 3 OK loaded seed file public.customers .................................... [CREATE 2000 in 1.34s]
15:46:37  3 of 3 OK loaded seed file public.sales ........................................ [CREATE 50000 in 20.62s]
15:46:37  
15:46:37  Finished running 3 seeds in 0 hours 0 minutes and 20.78 seconds (20.78s).
15:46:37  
15:46:37  Completed successfully
15:46:37  
15:46:37  Done. PASS=3 WARN=0 ERROR=0 SKIP=0 NO-OP=0 TOTAL=3
15:46:40  Running with dbt=1.11.2
15:46:40  Registered adapter: postgres=1.10.0
15:46:40  Found 1 model, 3 seeds, 4 data tests, 579 macros
15:46:40  
15:46:40  Concurrency: 4 threads (target='dev')
15:46:40  
15:46:40  1 of 1 START sql view model public.monthly_sales ............................... [RUN]
15:46:40  1 of 1 OK created sql view model public.monthly_sales .......................... [CREATE VIEW in 0.08s]
15:46:40  
15:46:40  Finished running 1 view model in 0 hours 0 minutes and 0.18 seconds (0.18s).
15:46:40  
15:46:40  Completed successfully
15:46:40  
15:46:40  Done. PASS=1 WARN=0 ERROR=0 SKIP=0 NO-OP=0 TOTAL=1
15:46:42  Running with dbt=1.11.2
15:46:42  Registered adapter: postgres=1.10.0
15:46:43  Found 1 model, 3 seeds, 4 data tests, 579 macros
15:46:43  
15:46:43  Concurrency: 4 threads (target='dev')
15:46:43  
15:46:43  1 of 1 START test s4_revenue_not_null_non_negative ............................. [RUN]
15:46:43  1 of 1 PASS s4_revenue_not_null_non_negative ................................... [PASS in 0.07s]
15:46:43  
15:46:43  Finished running 1 test in 0 hours 0 minutes and 0.17 seconds (0.17s).
15:46:43  
15:46:43  Completed successfully
15:46:43  
15:46:43  Done. PASS=1 WARN=0 ERROR=0 SKIP=0 NO-OP=0 TOTAL=1
15:46:46  Running with dbt=1.11.2
15:46:46  Registered adapter: postgres=1.10.0
15:46:46  Found 1 model, 3 seeds, 4 data tests, 579 macros
15:46:46  
15:46:46  Concurrency: 4 threads (target='dev')
15:46:46  
15:46:46  1 of 3 START seed file public.customers ........................................ [RUN]
15:46:46  2 of 3 START seed file public.products ......................................... [RUN]
15:46:46  3 of 3 START seed file public.sales ............................................ [RUN]
15:46:48  1 of 3 OK loaded seed file public.customers .................................... [CREATE 2000 in 1.13s]
15:46:48  2 of 3 OK loaded seed file public.products ..................................... [CREATE 500 in 1.54s]
15:47:07  3 of 3 OK loaded seed file public.sales ........................................ [CREATE 50000 in 21.19s]
15:47:07  
15:47:07  Finished running 3 seeds in 0 hours 0 minutes and 21.30 seconds (21.30s).
15:47:07  
15:47:07  Completed successfully
15:47:07  
15:47:07  Done. PASS=3 WARN=0 ERROR=0 SKIP=0 NO-OP=0 TOTAL=3
15:47:10  Running with dbt=1.11.2
15:47:10  Registered adapter: postgres=1.10.0
15:47:10  Found 1 model, 3 seeds, 4 data tests, 579 macros
15:47:10  
15:47:10  Concurrency: 4 threads (target='dev')
15:47:10  
15:47:10  1 of 1 START sql view model public.monthly_sales ............................... [RUN]
15:47:10  1 of 1 OK created sql view model public.monthly_sales .......................... [CREATE VIEW in 0.07s]
15:47:10  
15:47:10  Finished running 1 view model in 0 hours 0 minutes and 0.19 seconds (0.19s).
15:47:10  
15:47:10  Completed successfully
15:47:10  
15:47:10  Done. PASS=1 WARN=0 ERROR=0 SKIP=0 NO-OP=0 TOTAL=1
15:47:13  Running with dbt=1.11.2
15:47:13  Registered adapter: postgres=1.10.0
15:47:13  Found 1 model, 3 seeds, 4 data tests, 579 macros
15:47:13  
15:47:13  Concurrency: 4 threads (target='dev')
15:47:13  
15:47:13  1 of 1 START test s4_revenue_not_null_non_negative ............................. [RUN]
15:47:13  1 of 1 PASS s4_revenue_not_null_non_negative ................................... [PASS in 0.06s]
15:47:13  
15:47:13  Finished running 1 test in 0 hours 0 minutes and 0.16 seconds (0.16s).
15:47:13  
15:47:13  Completed successfully
15:47:13  
15:47:13  Done. PASS=1 WARN=0 ERROR=0 SKIP=0 NO-OP=0 TOTAL=1
15:47:16  Running with dbt=1.11.2
15:47:16  Registered adapter: postgres=1.10.0
15:47:16  Found 1 model, 3 seeds, 4 data tests, 579 macros
15:47:16  
15:47:16  Concurrency: 4 threads (target='dev')
15:47:16  
15:47:16  1 of 3 START seed file public.customers ........................................ [RUN]
15:47:16  2 of 3 START seed file public.products ......................................... [RUN]
15:47:16  3 of 3 START seed file public.sales ............................................ [RUN]
15:47:18  1 of 3 OK loaded seed file public.customers .................................... [CREATE 2000 in 1.14s]
15:47:18  2 of 3 OK loaded seed file public.products ..................................... [CREATE 500 in 1.41s]
15:47:37  3 of 3 OK loaded seed file public.sales ........................................ [CREATE 50000 in 20.53s]
15:47:37  
15:47:37  Finished running 3 seeds in 0 hours 0 minutes and 20.66 seconds (20.66s).
15:47:37  
15:47:37  Completed successfully
15:47:37  
15:47:37  Done. PASS=3 WARN=0 ERROR=0 SKIP=0 NO-OP=0 TOTAL=3
15:47:39  Running with dbt=1.11.2
15:47:40  Registered adapter: postgres=1.10.0
15:47:40  Found 1 model, 3 seeds, 4 data tests, 579 macros
15:47:40  
15:47:40  Concurrency: 4 threads (target='dev')
15:47:40  
15:47:40  1 of 1 START sql view model public.monthly_sales ............................... [RUN]
15:47:40  1 of 1 OK created sql view model public.monthly_sales .......................... [CREATE VIEW in 0.08s]
15:47:40  
15:47:40  Finished running 1 view model in 0 hours 0 minutes and 0.20 seconds (0.20s).
15:47:40  
15:47:40  Completed successfully
15:47:40  
15:47:40  Done. PASS=1 WARN=0 ERROR=0 SKIP=0 NO-OP=0 TOTAL=1
15:47:42  Running with dbt=1.11.2
15:47:42  Registered adapter: postgres=1.10.0
15:47:43  Found 1 model, 3 seeds, 4 data tests, 579 macros
15:47:43  
15:47:43  Concurrency: 4 threads (target='dev')
15:47:43  
15:47:43  1 of 1 START test s4_revenue_not_null_non_negative ............................. [RUN]
15:47:43  1 of 1 PASS s4_revenue_not_null_non_negative ................................... [PASS in 0.05s]
15:47:43  
15:47:43  Finished running 1 test in 0 hours 0 minutes and 0.15 seconds (0.15s).
15:47:43  
15:47:43  Completed successfully
15:47:43  
15:47:43  Done. PASS=1 WARN=0 ERROR=0 SKIP=0 NO-OP=0 TOTAL=1
15:47:45  Running with dbt=1.11.2
15:47:46  Registered adapter: postgres=1.10.0
15:47:46  Found 1 model, 3 seeds, 4 data tests, 579 macros
15:47:46  
15:47:46  Concurrency: 4 threads (target='dev')
15:47:46  
15:47:46  1 of 3 START seed file public.customers ........................................ [RUN]
15:47:46  2 of 3 START seed file public.products ......................................... [RUN]
15:47:46  3 of 3 START seed file public.sales ............................................ [RUN]
15:47:47  2 of 3 OK loaded seed file public.products ..................................... [CREATE 500 in 0.98s]
15:47:47  1 of 3 OK loaded seed file public.customers .................................... [CREATE 2000 in 1.20s]
15:48:06  3 of 3 OK loaded seed file public.sales ........................................ [CREATE 50000 in 20.48s]
15:48:06  
15:48:06  Finished running 3 seeds in 0 hours 0 minutes and 20.62 seconds (20.62s).
15:48:06  
15:48:06  Completed successfully
15:48:06  
15:48:06  Done. PASS=3 WARN=0 ERROR=0 SKIP=0 NO-OP=0 TOTAL=3
15:48:10  Running with dbt=1.11.2
15:48:10  Registered adapter: postgres=1.10.0
15:48:10  Found 1 model, 3 seeds, 4 data tests, 579 macros
15:48:10  
15:48:10  Concurrency: 4 threads (target='dev')
15:48:10  
15:48:10  1 of 1 START sql view model public.monthly_sales ............................... [RUN]
15:48:10  1 of 1 OK created sql view model public.monthly_sales .......................... [CREATE VIEW in 0.06s]
15:48:10  
15:48:10  Finished running 1 view model in 0 hours 0 minutes and 0.19 seconds (0.19s).
15:48:10  
15:48:10  Completed successfully
15:48:10  
15:48:10  Done. PASS=1 WARN=0 ERROR=0 SKIP=0 NO-OP=0 TOTAL=1
15:48:13  Running with dbt=1.11.2
15:48:13  Registered adapter: postgres=1.10.0
15:48:13  Found 1 model, 3 seeds, 4 data tests, 579 macros
15:48:13  
15:48:13  Concurrency: 4 threads (target='dev')
15:48:13  
15:48:13  1 of 1 START test s4_revenue_not_null_non_negative ............................. [RUN]
15:48:13  1 of 1 PASS s4_revenue_not_null_non_negative ................................... [PASS in 0.07s]
15:48:13  
15:48:13  Finished running 1 test in 0 hours 0 minutes and 0.17 seconds (0.17s).
15:48:13  
15:48:13  Completed successfully
15:48:13  
15:48:13  Done. PASS=1 WARN=0 ERROR=0 SKIP=0 NO-OP=0 TOTAL=1
15:48:16  Running with dbt=1.11.2
15:48:16  Registered adapter: postgres=1.10.0
15:48:17  Found 1 model, 3 seeds, 4 data tests, 579 macros
15:48:17  
15:48:17  Concurrency: 4 threads (target='dev')
15:48:17  
15:48:17  1 of 3 START seed file public.customers ........................................ [RUN]
15:48:17  2 of 3 START seed file public.products ......................................... [RUN]
15:48:17  3 of 3 START seed file public.sales ............................................ [RUN]
15:48:18  2 of 3 OK loaded seed file public.products ..................................... [CREATE 500 in 1.38s]
15:48:18  1 of 3 OK loaded seed file public.customers .................................... [CREATE 2000 in 1.47s]
15:48:37  3 of 3 OK loaded seed file public.sales ........................................ [CREATE 50000 in 20.59s]
15:48:37  
15:48:37  Finished running 3 seeds in 0 hours 0 minutes and 20.73 seconds (20.73s).
15:48:37  
15:48:37  Completed successfully
15:48:37  
15:48:37  Done. PASS=3 WARN=0 ERROR=0 SKIP=0 NO-OP=0 TOTAL=3
15:48:40  Running with dbt=1.11.2
15:48:40  Registered adapter: postgres=1.10.0
15:48:40  Found 1 model, 3 seeds, 4 data tests, 579 macros
15:48:40  
15:48:40  Concurrency: 4 threads (target='dev')
15:48:40  
15:48:40  1 of 1 START sql view model public.monthly_sales ............................... [RUN]
15:48:40  1 of 1 OK created sql view model public.monthly_sales .......................... [CREATE VIEW in 0.08s]
15:48:41  
15:48:41  Finished running 1 view model in 0 hours 0 minutes and 0.19 seconds (0.19s).
15:48:41  
15:48:41  Completed successfully
15:48:41  
15:48:41  Done. PASS=1 WARN=0 ERROR=0 SKIP=0 NO-OP=0 TOTAL=1
15:48:43  Running with dbt=1.11.2
15:48:43  Registered adapter: postgres=1.10.0
15:48:43  Found 1 model, 3 seeds, 4 data tests, 579 macros
15:48:43  
15:48:43  Concurrency: 4 threads (target='dev')
15:48:43  
15:48:43  1 of 1 START test s4_revenue_not_null_non_negative ............................. [RUN]
15:48:43  1 of 1 PASS s4_revenue_not_null_non_negative ................................... [PASS in 0.07s]
15:48:43  
15:48:43  Finished running 1 test in 0 hours 0 minutes and 0.15 seconds (0.15s).
15:48:43  
15:48:43  Completed successfully
15:48:43  
15:48:43  Done. PASS=1 WARN=0 ERROR=0 SKIP=0 NO-OP=0 TOTAL=1
15:48:46  Running with dbt=1.11.2
15:48:47  Registered adapter: postgres=1.10.0
15:48:47  Found 1 model, 3 seeds, 4 data tests, 579 macros
15:48:47  
15:48:47  Concurrency: 4 threads (target='dev')
15:48:47  
15:48:47  1 of 3 START seed file public.customers ........................................ [RUN]
15:48:47  2 of 3 START seed file public.products ......................................... [RUN]
15:48:47  3 of 3 START seed file public.sales ............................................ [RUN]
15:48:48  1 of 3 OK loaded seed file public.customers .................................... [CREATE 2000 in 0.60s]
15:48:48  2 of 3 OK loaded seed file public.products ..................................... [CREATE 500 in 0.59s]
15:49:07  3 of 3 OK loaded seed file public.sales ........................................ [CREATE 50000 in 20.42s]
15:49:07  
15:49:07  Finished running 3 seeds in 0 hours 0 minutes and 20.55 seconds (20.55s).
15:49:07  
15:49:07  Completed successfully
15:49:07  
15:49:07  Done. PASS=3 WARN=0 ERROR=0 SKIP=0 NO-OP=0 TOTAL=3
15:49:11  Running with dbt=1.11.2
15:49:11  Registered adapter: postgres=1.10.0
15:49:11  Found 1 model, 3 seeds, 4 data tests, 579 macros
15:49:11  
15:49:11  Concurrency: 4 threads (target='dev')
15:49:11  
15:49:11  1 of 1 START sql view model public.monthly_sales ............................... [RUN]
15:49:12  1 of 1 OK created sql view model public.monthly_sales .......................... [CREATE VIEW in 0.08s]
15:49:12  
15:49:12  Finished running 1 view model in 0 hours 0 minutes and 0.21 seconds (0.21s).
15:49:12  
15:49:12  Completed successfully
15:49:12  
15:49:12  Done. PASS=1 WARN=0 ERROR=0 SKIP=0 NO-OP=0 TOTAL=1
15:49:14  Running with dbt=1.11.2
15:49:14  Registered adapter: postgres=1.10.0
15:49:14  Found 1 model, 3 seeds, 4 data tests, 579 macros
15:49:14  
15:49:14  Concurrency: 4 threads (target='dev')
15:49:14  
15:49:14  1 of 1 START test s4_revenue_not_null_non_negative ............................. [RUN]
15:49:14  1 of 1 PASS s4_revenue_not_null_non_negative ................................... [PASS in 0.08s]
15:49:14  
15:49:14  Finished running 1 test in 0 hours 0 minutes and 0.16 seconds (0.16s).
15:49:14  
15:49:14  Completed successfully
15:49:14  
15:49:14  Done. PASS=1 WARN=0 ERROR=0 SKIP=0 NO-OP=0 TOTAL=1
15:49:17  Running with dbt=1.11.2
15:49:17  Registered adapter: postgres=1.10.0
15:49:18  Found 1 model, 3 seeds, 4 data tests, 579 macros
15:49:18  
15:49:18  Concurrency: 4 threads (target='dev')
15:49:18  
15:49:18  1 of 3 START seed file public.customers ........................................ [RUN]
15:49:18  2 of 3 START seed file public.products ......................................... [RUN]
15:49:18  3 of 3 START seed file public.sales ............................................ [RUN]
15:49:19  2 of 3 OK loaded seed file public.products ..................................... [CREATE 500 in 1.07s]
15:49:19  1 of 3 OK loaded seed file public.customers .................................... [CREATE 2000 in 1.12s]
15:49:39  3 of 3 OK loaded seed file public.sales ........................................ [CREATE 50000 in 20.86s]
15:49:39  
15:49:39  Finished running 3 seeds in 0 hours 0 minutes and 21.00 seconds (21.00s).
15:49:39  
15:49:39  Completed successfully
15:49:39  
15:49:39  Done. PASS=3 WARN=0 ERROR=0 SKIP=0 NO-OP=0 TOTAL=3
15:49:41  Running with dbt=1.11.2
15:49:41  Registered adapter: postgres=1.10.0
15:49:41  Found 1 model, 3 seeds, 4 data tests, 579 macros
15:49:41  
15:49:41  Concurrency: 4 threads (target='dev')
15:49:41  
15:49:41  1 of 1 START sql view model public.monthly_sales ............................... [RUN]
15:49:42  1 of 1 OK created sql view model public.monthly_sales .......................... [CREATE VIEW in 0.08s]
15:49:42  
15:49:42  Finished running 1 view model in 0 hours 0 minutes and 0.19 seconds (0.19s).
15:49:42  
15:49:42  Completed successfully
15:49:42  
15:49:42  Done. PASS=1 WARN=0 ERROR=0 SKIP=0 NO-OP=0 TOTAL=1
15:49:44  Running with dbt=1.11.2
15:49:44  Registered adapter: postgres=1.10.0
15:49:44  Found 1 model, 3 seeds, 4 data tests, 579 macros
15:49:44  
15:49:44  Concurrency: 4 threads (target='dev')
15:49:44  
15:49:44  1 of 1 START test s4_revenue_not_null_non_negative ............................. [RUN]
15:49:44  1 of 1 PASS s4_revenue_not_null_non_negative ................................... [PASS in 0.06s]
15:49:44  
15:49:44  Finished running 1 test in 0 hours 0 minutes and 0.15 seconds (0.15s).
15:49:44  
15:49:44  Completed successfully
15:49:44  
15:49:44  Done. PASS=1 WARN=0 ERROR=0 SKIP=0 NO-OP=0 TOTAL=1
15:49:47  Running with dbt=1.11.2
15:49:47  Registered adapter: postgres=1.10.0
15:49:48  Found 1 model, 3 seeds, 4 data tests, 579 macros
15:49:48  
15:49:48  Concurrency: 4 threads (target='dev')
15:49:48  
15:49:48  1 of 3 START seed file public.customers ........................................ [RUN]
15:49:48  2 of 3 START seed file public.products ......................................... [RUN]
15:49:48  3 of 3 START seed file public.sales ............................................ [RUN]
15:49:50  2 of 3 OK loaded seed file public.products ..................................... [CREATE 500 in 1.66s]
15:49:50  1 of 3 OK loaded seed file public.customers .................................... [CREATE 2000 in 1.70s]
15:50:08  3 of 3 OK loaded seed file public.sales ........................................ [CREATE 50000 in 20.54s]
15:50:08  
15:50:08  Finished running 3 seeds in 0 hours 0 minutes and 20.69 seconds (20.69s).
15:50:08  
15:50:08  Completed successfully
15:50:08  
15:50:08  Done. PASS=3 WARN=0 ERROR=0 SKIP=0 NO-OP=0 TOTAL=3
15:50:11  Running with dbt=1.11.2
15:50:11  Registered adapter: postgres=1.10.0
15:50:11  Found 1 model, 3 seeds, 4 data tests, 579 macros
15:50:11  
15:50:11  Concurrency: 4 threads (target='dev')
15:50:11  
15:50:11  1 of 1 START sql view model public.monthly_sales ............................... [RUN]
15:50:11  1 of 1 OK created sql view model public.monthly_sales .......................... [CREATE VIEW in 0.06s]
15:50:11  
15:50:11  Finished running 1 view model in 0 hours 0 minutes and 0.17 seconds (0.17s).
15:50:11  
15:50:11  Completed successfully
15:50:11  
15:50:11  Done. PASS=1 WARN=0 ERROR=0 SKIP=0 NO-OP=0 TOTAL=1
15:50:13  Running with dbt=1.11.2
15:50:13  Registered adapter: postgres=1.10.0
15:50:14  Found 1 model, 3 seeds, 4 data tests, 579 macros
15:50:14  
15:50:14  Concurrency: 4 threads (target='dev')
15:50:14  
15:50:14  1 of 1 START test s4_revenue_not_null_non_negative ............................. [RUN]
15:50:14  1 of 1 PASS s4_revenue_not_null_non_negative ................................... [PASS in 0.06s]
15:50:14  
15:50:14  Finished running 1 test in 0 hours 0 minutes and 0.16 seconds (0.16s).
15:50:14  
15:50:14  Completed successfully
15:50:14  
15:50:14  Done. PASS=1 WARN=0 ERROR=0 SKIP=0 NO-OP=0 TOTAL=1
15:50:17  Running with dbt=1.11.2
15:50:17  Registered adapter: postgres=1.10.0
15:50:17  Found 1 model, 3 seeds, 4 data tests, 579 macros
15:50:17  
15:50:17  Concurrency: 4 threads (target='dev')
15:50:17  
15:50:17  1 of 3 START seed file public.customers ........................................ [RUN]
15:50:17  2 of 3 START seed file public.products ......................................... [RUN]
15:50:17  3 of 3 START seed file public.sales ............................................ [RUN]
15:50:19  2 of 3 OK loaded seed file public.products ..................................... [CREATE 500 in 1.33s]
15:50:19  1 of 3 OK loaded seed file public.customers .................................... [CREATE 2000 in 1.41s]
15:50:38  3 of 3 OK loaded seed file public.sales ........................................ [CREATE 50000 in 20.53s]
15:50:38  
15:50:38  Finished running 3 seeds in 0 hours 0 minutes and 20.66 seconds (20.66s).
15:50:38  
15:50:38  Completed successfully
15:50:38  
15:50:38  Done. PASS=3 WARN=0 ERROR=0 SKIP=0 NO-OP=0 TOTAL=3
15:50:40  Running with dbt=1.11.2
15:50:40  Registered adapter: postgres=1.10.0
15:50:40  Found 1 model, 3 seeds, 4 data tests, 579 macros
15:50:40  
15:50:40  Concurrency: 4 threads (target='dev')
15:50:40  
15:50:41  1 of 1 START sql view model public.monthly_sales ............................... [RUN]
15:50:41  1 of 1 OK created sql view model public.monthly_sales .......................... [CREATE VIEW in 0.06s]
15:50:41  
15:50:41  Finished running 1 view model in 0 hours 0 minutes and 0.18 seconds (0.18s).
15:50:41  
15:50:41  Completed successfully
15:50:41  
15:50:41  Done. PASS=1 WARN=0 ERROR=0 SKIP=0 NO-OP=0 TOTAL=1
15:50:43  Running with dbt=1.11.2
15:50:43  Registered adapter: postgres=1.10.0
15:50:43  Found 1 model, 3 seeds, 4 data tests, 579 macros
15:50:43  
15:50:43  Concurrency: 4 threads (target='dev')
15:50:43  
15:50:43  1 of 1 START test s4_revenue_not_null_non_negative ............................. [RUN]
15:50:43  1 of 1 PASS s4_revenue_not_null_non_negative ................................... [PASS in 0.08s]
15:50:43  
15:50:43  Finished running 1 test in 0 hours 0 minutes and 0.16 seconds (0.16s).
15:50:43  
15:50:43  Completed successfully
15:50:43  
15:50:43  Done. PASS=1 WARN=0 ERROR=0 SKIP=0 NO-OP=0 TOTAL=1
15:50:46  Running with dbt=1.11.2
15:50:46  Registered adapter: postgres=1.10.0
15:50:46  Found 1 model, 3 seeds, 4 data tests, 579 macros
15:50:46  
15:50:46  Concurrency: 4 threads (target='dev')
15:50:46  
15:50:47  1 of 3 START seed file public.customers ........................................ [RUN]
15:50:47  2 of 3 START seed file public.products ......................................... [RUN]
15:50:47  3 of 3 START seed file public.sales ............................................ [RUN]
15:50:48  1 of 3 OK loaded seed file public.customers .................................... [CREATE 2000 in 1.19s]
15:50:48  2 of 3 OK loaded seed file public.products ..................................... [CREATE 500 in 1.30s]
15:51:07  3 of 3 OK loaded seed file public.sales ........................................ [CREATE 50000 in 20.56s]
15:51:07  
15:51:07  Finished running 3 seeds in 0 hours 0 minutes and 20.71 seconds (20.71s).
15:51:07  
15:51:07  Completed successfully
15:51:07  
15:51:07  Done. PASS=3 WARN=0 ERROR=0 SKIP=0 NO-OP=0 TOTAL=3
15:51:09  Running with dbt=1.11.2
15:51:10  Registered adapter: postgres=1.10.0
15:51:10  Found 1 model, 3 seeds, 4 data tests, 579 macros
15:51:10  
15:51:10  Concurrency: 4 threads (target='dev')
15:51:10  
15:51:10  1 of 1 START sql view model public.monthly_sales ............................... [RUN]
15:51:10  1 of 1 OK created sql view model public.monthly_sales .......................... [CREATE VIEW in 0.06s]
15:51:10  
15:51:10  Finished running 1 view model in 0 hours 0 minutes and 0.18 seconds (0.18s).
15:51:10  
15:51:10  Completed successfully
15:51:10  
15:51:10  Done. PASS=1 WARN=0 ERROR=0 SKIP=0 NO-OP=0 TOTAL=1
15:51:12  Running with dbt=1.11.2
15:51:12  Registered adapter: postgres=1.10.0
15:51:13  Found 1 model, 3 seeds, 4 data tests, 579 macros
15:51:13  
15:51:13  Concurrency: 4 threads (target='dev')
15:51:13  
15:51:13  1 of 1 START test s4_revenue_not_null_non_negative ............................. [RUN]
15:51:13  1 of 1 PASS s4_revenue_not_null_non_negative ................................... [PASS in 0.06s]
15:51:13  
15:51:13  Finished running 1 test in 0 hours 0 minutes and 0.17 seconds (0.17s).
15:51:13  
15:51:13  Completed successfully
15:51:13  
15:51:13  Done. PASS=1 WARN=0 ERROR=0 SKIP=0 NO-OP=0 TOTAL=1
15:51:16  Running with dbt=1.11.2
15:51:16  Registered adapter: postgres=1.10.0
15:51:16  Found 1 model, 3 seeds, 4 data tests, 579 macros
15:51:16  
15:51:16  Concurrency: 4 threads (target='dev')
15:51:16  
15:51:16  1 of 3 START seed file public.customers ........................................ [RUN]
15:51:16  2 of 3 START seed file public.products ......................................... [RUN]
15:51:16  3 of 3 START seed file public.sales ............................................ [RUN]
15:51:17  1 of 3 OK loaded seed file public.customers .................................... [CREATE 2000 in 1.00s]
15:51:17  2 of 3 OK loaded seed file public.products ..................................... [CREATE 500 in 1.05s]
15:51:37  3 of 3 OK loaded seed file public.sales ........................................ [CREATE 50000 in 20.71s]
15:51:37  
15:51:37  Finished running 3 seeds in 0 hours 0 minutes and 20.84 seconds (20.84s).
15:51:37  
15:51:37  Completed successfully
15:51:37  
15:51:37  Done. PASS=3 WARN=0 ERROR=0 SKIP=0 NO-OP=0 TOTAL=3
15:51:39  Running with dbt=1.11.2
15:51:39  Registered adapter: postgres=1.10.0
15:51:40  Found 1 model, 3 seeds, 4 data tests, 579 macros
15:51:40  
15:51:40  Concurrency: 4 threads (target='dev')
15:51:40  
15:51:40  1 of 1 START sql view model public.monthly_sales ............................... [RUN]
15:51:40  1 of 1 OK created sql view model public.monthly_sales .......................... [CREATE VIEW in 0.08s]
15:51:40  
15:51:40  Finished running 1 view model in 0 hours 0 minutes and 0.23 seconds (0.23s).
15:51:40  
15:51:40  Completed successfully
15:51:40  
15:51:40  Done. PASS=1 WARN=0 ERROR=0 SKIP=0 NO-OP=0 TOTAL=1
15:51:42  Running with dbt=1.11.2
15:51:42  Registered adapter: postgres=1.10.0
15:51:43  Found 1 model, 3 seeds, 4 data tests, 579 macros
15:51:43  
15:51:43  Concurrency: 4 threads (target='dev')
15:51:43  
15:51:43  1 of 1 START test s4_revenue_not_null_non_negative ............................. [RUN]
15:51:43  1 of 1 PASS s4_revenue_not_null_non_negative ................................... [PASS in 0.05s]
15:51:43  
15:51:43  Finished running 1 test in 0 hours 0 minutes and 0.16 seconds (0.16s).
15:51:43  
15:51:43  Completed successfully
15:51:43  
15:51:43  Done. PASS=1 WARN=0 ERROR=0 SKIP=0 NO-OP=0 TOTAL=1
15:51:45  Running with dbt=1.11.2
15:51:45  Registered adapter: postgres=1.10.0
15:51:46  Found 1 model, 3 seeds, 4 data tests, 579 macros
15:51:46  
15:51:46  Concurrency: 4 threads (target='dev')
15:51:46  
15:51:46  1 of 3 START seed file public.customers ........................................ [RUN]
15:51:46  2 of 3 START seed file public.products ......................................... [RUN]
15:51:46  3 of 3 START seed file public.sales ............................................ [RUN]
15:51:47  2 of 3 OK loaded seed file public.products ..................................... [CREATE 500 in 0.92s]
15:51:47  1 of 3 OK loaded seed file public.customers .................................... [CREATE 2000 in 1.00s]
15:52:07  3 of 3 OK loaded seed file public.sales ........................................ [CREATE 50000 in 21.12s]
15:52:07  
15:52:07  Finished running 3 seeds in 0 hours 0 minutes and 21.24 seconds (21.24s).
15:52:07  
15:52:07  Completed successfully
15:52:07  
15:52:07  Done. PASS=3 WARN=0 ERROR=0 SKIP=0 NO-OP=0 TOTAL=3
15:52:09  Running with dbt=1.11.2
15:52:09  Registered adapter: postgres=1.10.0
15:52:10  Found 1 model, 3 seeds, 4 data tests, 579 macros
15:52:10  
15:52:10  Concurrency: 4 threads (target='dev')
15:52:10  
15:52:10  1 of 1 START sql view model public.monthly_sales ............................... [RUN]
15:52:10  1 of 1 OK created sql view model public.monthly_sales .......................... [CREATE VIEW in 0.06s]
15:52:10  
15:52:10  Finished running 1 view model in 0 hours 0 minutes and 0.17 seconds (0.17s).
15:52:10  
15:52:10  Completed successfully
15:52:10  
15:52:10  Done. PASS=1 WARN=0 ERROR=0 SKIP=0 NO-OP=0 TOTAL=1
15:52:12  Running with dbt=1.11.2
15:52:13  Registered adapter: postgres=1.10.0
15:52:13  Found 1 model, 3 seeds, 4 data tests, 579 macros
15:52:13  
15:52:13  Concurrency: 4 threads (target='dev')
15:52:13  
15:52:13  1 of 1 START test s4_revenue_not_null_non_negative ............................. [RUN]
15:52:13  1 of 1 PASS s4_revenue_not_null_non_negative ................................... [PASS in 0.05s]
15:52:13  
15:52:13  Finished running 1 test in 0 hours 0 minutes and 0.16 seconds (0.16s).
15:52:13  
15:52:13  Completed successfully
15:52:13  
15:52:13  Done. PASS=1 WARN=0 ERROR=0 SKIP=0 NO-OP=0 TOTAL=1
15:52:16  Running with dbt=1.11.2
15:52:16  Registered adapter: postgres=1.10.0
15:52:16  Found 1 model, 3 seeds, 4 data tests, 579 macros
15:52:16  
15:52:16  Concurrency: 4 threads (target='dev')
15:52:16  
15:52:16  1 of 3 START seed file public.customers ........................................ [RUN]
15:52:16  2 of 3 START seed file public.products ......................................... [RUN]
15:52:16  3 of 3 START seed file public.sales ............................................ [RUN]
15:52:18  2 of 3 OK loaded seed file public.products ..................................... [CREATE 500 in 0.93s]
15:52:18  1 of 3 OK loaded seed file public.customers .................................... [CREATE 2000 in 0.99s]
15:52:37  3 of 3 OK loaded seed file public.sales ........................................ [CREATE 50000 in 20.58s]
15:52:37  
15:52:37  Finished running 3 seeds in 0 hours 0 minutes and 20.68 seconds (20.68s).
15:52:37  
15:52:37  Completed successfully
15:52:37  
15:52:37  Done. PASS=3 WARN=0 ERROR=0 SKIP=0 NO-OP=0 TOTAL=3
15:52:39  Running with dbt=1.11.2
15:52:39  Registered adapter: postgres=1.10.0
15:52:40  Found 1 model, 3 seeds, 4 data tests, 579 macros
15:52:40  
15:52:40  Concurrency: 4 threads (target='dev')
15:52:40  
15:52:40  1 of 1 START sql view model public.monthly_sales ............................... [RUN]
15:52:40  1 of 1 OK created sql view model public.monthly_sales .......................... [CREATE VIEW in 0.06s]
15:52:40  
15:52:40  Finished running 1 view model in 0 hours 0 minutes and 0.15 seconds (0.15s).
15:52:40  
15:52:40  Completed successfully
15:52:40  
15:52:40  Done. PASS=1 WARN=0 ERROR=0 SKIP=0 NO-OP=0 TOTAL=1
15:52:42  Running with dbt=1.11.2
15:52:42  Registered adapter: postgres=1.10.0
15:52:42  Found 1 model, 3 seeds, 4 data tests, 579 macros
15:52:42  
15:52:42  Concurrency: 4 threads (target='dev')
15:52:42  
15:52:43  1 of 1 START test s4_revenue_not_null_non_negative ............................. [RUN]
15:52:43  1 of 1 PASS s4_revenue_not_null_non_negative ................................... [PASS in 0.06s]
15:52:43  
15:52:43  Finished running 1 test in 0 hours 0 minutes and 0.16 seconds (0.16s).
15:52:43  
15:52:43  Completed successfully
15:52:43  
15:52:43  Done. PASS=1 WARN=0 ERROR=0 SKIP=0 NO-OP=0 TOTAL=1

2025-12-24T18:52:45.0464578+03:00 END tool=dbt scenario=S4 duration_ms=610541 duration_s=610.541 exit_code=0
